2020-12-11 17:42:47,277 INFO: 
        ===========================================
        REFCHEF 🐶
        -------------------------------------------
        - References will be downloaded to: /gpfs/data/shared/databases/refchef_refs
        - Remote repository for master.yaml compbiocore/cbc-references-refchef
        - Local repository for master.yaml /gpfs/data/shared/databases/cbc-references-refchef
        - Logs files: /gpfs/data/shared/databases/cbc-references-refchef/logs/
        -------------------------------------------
        
2020-12-11 17:42:47,277 DEBUG: parse kwarg method: 2 ...
2020-12-11 17:42:50,868 INFO: 
        No references to download.
                    
2020-12-11 17:42:50,869 INFO: 
        No references to download.
                    
2020-12-11 17:42:50,869 INFO: 
        No references to download.
                    
2020-12-11 17:42:50,869 INFO: 
        No references to download.
                    
2020-12-11 17:42:50,869 INFO: 
        No references to download.
                    
2020-12-11 17:42:50,869 INFO: 
        No references to download.
                    
2020-12-11 17:42:50,870 INFO: 
        No references to download.
                    
2020-12-11 17:42:50,870 INFO: 
        No references to download.
                    
2020-12-11 17:42:50,870 INFO: 
        No references to download.
                    
2020-12-11 17:42:50,870 INFO: 
        No references to download.
                    
2020-12-11 17:42:50,870 INFO: 
        No references to download.
                    
2020-12-11 17:42:50,870 INFO: 
        No references to download.
                    
2020-12-11 17:42:50,871 INFO: 
        No references to download.
                    
2020-12-11 17:42:50,871 INFO: 
        No references to download.
                    
2020-12-11 17:42:50,871 INFO: 
        No references to download.
                    
2020-12-11 17:42:50,871 INFO: 
        No references to download.
                    
2020-12-11 17:42:50,871 INFO: 
        No references to download.
                    
2020-12-11 17:42:50,871 INFO: 
        No references to download.
                    
2020-12-11 17:42:50,872 INFO: 
        No references to download.
                    
2020-12-11 17:42:50,872 INFO: 
        No references to download.
                    
2020-12-11 17:42:50,872 INFO: 
        No references to download.
                    
2020-12-11 17:42:50,872 INFO: 
        No references to download.
                    
2020-12-11 17:42:50,872 INFO: 
        No references to download.
                    
2020-12-11 17:42:50,872 INFO: 
        No references to download.
                    
2020-12-11 17:42:50,872 INFO: 
        No references to download.
                    
2020-12-11 17:42:50,873 INFO: 
        No references to download.
                    
2020-12-11 17:42:50,873 INFO: 
        No references to download.
                    
2020-12-11 17:42:50,873 INFO: 
        No references to download.
                    
2020-12-11 17:42:50,873 INFO: 
        No references to download.
                    
2020-12-11 17:42:50,873 INFO: 
        No references to download.
                    
2020-12-11 17:42:50,873 INFO: 
        No references to download.
                    
