2019-09-18 15:20:20,782 INFO: 
        ===========================================
        REFCHEF ðŸ¶
        -------------------------------------------
        - References will be downloaded to: /gpfs/data/shared/databases/refchef_refs
        - Remote repository for master.yaml compbiocore/cbc-references-refchef
        - Local repository for master.yaml /gpfs/data/shared/databases/cbc-references-refchef
        - Logs files: /gpfs/data/shared/databases/cbc-references-refchef/logs/
        -------------------------------------------
        
2019-09-18 15:20:20,782 DEBUG: parse kwarg method: 2 ...
2019-09-18 15:20:21,042 INFO: 
        No references to download.
                    
2019-09-18 15:20:21,042 INFO: 
        No references to download.
                    
2019-09-18 15:20:21,042 INFO: 
        No references to download.
                    
2019-09-18 15:20:21,043 INFO: 
        No references to download.
                    
2019-09-18 15:20:21,043 INFO: 
        No references to download.
                    
2019-09-18 15:20:21,043 INFO: 
        No references to download.
                    
2019-09-18 15:20:21,043 INFO: 
        No references to download.
                    
2019-09-18 15:20:21,043 INFO: 
        No references to download.
                    
2019-09-18 15:20:21,043 INFO: 
        No references to download.
                    
2019-09-18 15:20:21,125 INFO:  ðŸ¶ RefChef... getting annotation: grcm38_p5, component: gtf
2019-09-18 15:20:21,125 INFO: Running command "wget ftp://ftp.ensembl.org/pub/release-89/gtf/mus_musculus/Mus_musculus.GRCm38.89.gtf.gz"
2019-09-18 15:20:51,526 INFO: Running command "wget ftp://ftp.ensembl.org/pub/release-89/gtf/mus_musculus/CHECKSUMS"
2019-09-18 15:20:53,721 INFO: Running command "gunzip -c Mus_musculus.GRCm38.89.gtf.gz > Mus_musculus.GRCm38.89.gtf"
2019-09-18 15:20:56,727 INFO: Running command "md5sum *.* > final_chechsums.md5"
2019-09-18 15:20:58,447 WARNING: No final_checksums.md found. UUID will not correspond to checksum.
2019-09-18 15:20:58,465 INFO: References processed: ['spur31', 'cdubliniensis_cd36', 'broad_bundle_hg19', 'drosophila-melanogaster-bdgp6rel9', 'wbps8_ws256', 'grch37_release87', 'grcm38_p5']
2019-09-18 15:20:58,465 INFO: Location of references: /gpfs/data/shared/databases/refchef_refs
2019-09-18 15:20:58,699 INFO: 
           type                               name            component                  organization                                  uuid
0    references                  broad_bundle_hg19              primary               broad institute  b2588931-2b94-3d8b-9eab-c8fa153af515
1    references                 cdubliniensis_cd36              primary  http://www.candidagenome.org  3889615c-c609-377c-a49a-2376d7bb4ee1
2    references  drosophila-melanogaster-bdgp6rel9              primary                       ensembl  f00c482a-8550-31b9-89fb-803d4f9edbb5
3   annotations  drosophila-melanogaster-bdgp6rel9                  gtf                       ensembl  e3e260a5-87ff-36a1-8526-c73a9b03ec44
4    references                   grch37_release87              primary                       ensembl  ce1b1916-da1c-11e9-bf4d-40f2e9026674
5   annotations                   grch37_release87                  gtf                       ensembl  7c0adc0d-a657-3919-8b77-9bb294b7823c
6    references                          grcm38_p5              primary                       ensembl  f7c2173c-da2c-11e9-9ae5-40f2e9026674
7    references                          grcm38_p5   cdna-transcriptome                       ensembl  f7c26c64-da2c-11e9-9ae5-40f2e9026674
8   annotations                          grcm38_p5                  gtf                       ensembl  71964abc-da49-11e9-a511-40f2e9026674
9    references                             spur31              primary               ensembl metazoa  cc303697-34ce-3cd1-b883-5d709a4f3e09
10  annotations                             spur31                  gtf               ensembl metazoa  6983397c-e268-31e2-bd0d-db7d47c589f9
11   references                        wbps8_ws256              primary             wormbase_parasite  27010656-d97a-11e9-9007-40f2e9026890
12   references                        wbps8_ws256  cdna-trandscriptome             wormbase_parasite  2701712c-d97a-11e9-9007-40f2e9026890
