2019-09-24 17:09:53,615 INFO: 
        ===========================================
        REFCHEF 🐶
        -------------------------------------------
        - References will be downloaded to: /gpfs/data/shared/databases/refchef_refs
        - Remote repository for master.yaml compbiocore/cbc-references-refchef
        - Local repository for master.yaml /gpfs/data/shared/databases/cbc-references-refchef
        - Logs files: /gpfs/data/shared/databases/cbc-references-refchef/logs/
        -------------------------------------------
        
2019-09-24 17:09:53,615 DEBUG: parse kwarg method: 2 ...
2019-09-24 17:09:55,735 INFO: 
        No references to download.
                    
2019-09-24 17:09:55,735 INFO: 
        No references to download.
                    
2019-09-24 17:09:55,735 INFO: 
        No references to download.
                    
2019-09-24 17:09:55,735 INFO: 
        No references to download.
                    
2019-09-24 17:09:55,735 INFO: 
        No references to download.
                    
2019-09-24 17:09:55,735 INFO: 
        No references to download.
                    
2019-09-24 17:09:55,735 INFO: 
        No references to download.
                    
2019-09-24 17:09:55,735 INFO: 
        No references to download.
                    
2019-09-24 17:09:55,736 INFO: 
        No references to download.
                    
2019-09-24 17:09:55,736 INFO: 
        No references to download.
                    
2019-09-24 17:09:55,736 INFO: 
        No references to download.
                    
2019-09-24 17:09:55,736 INFO: 
        -------------------------------------------
        The folowing references will be downloaded:
            - Genbank_Univec_2018_11_28
        ===========================================
            
2019-09-24 17:09:56,094 INFO:  🐶 RefChef... getting reference: Genbank_Univec_2018_11_28, component: primary
2019-09-24 17:09:56,096 WARNING: No final_checksums.md found. UUID will not correspond to checksum.
2019-09-24 17:09:56,116 INFO: References processed: ['spur31', 'cdubliniensis_cd36', 'broad_bundle_hg19', 'drosophila-melanogaster-bdgp6rel9', 'wbps8_ws256', 'grch37_release87', 'grcm38_p5', 'nt_db', 'nr_db', 'Genbank_Univec_2018_11_28']
2019-09-24 17:09:56,117 INFO: Location of references: /gpfs/data/shared/databases/refchef_refs
2019-09-24 17:09:56,811 INFO: 
           type  ...                                  uuid
0    references  ...  b2588931-2b94-3d8b-9eab-c8fa153af515
1    references  ...  3889615c-c609-377c-a49a-2376d7bb4ee1
2    references  ...  f00c482a-8550-31b9-89fb-803d4f9edbb5
3   annotations  ...  e3e260a5-87ff-36a1-8526-c73a9b03ec44
4    references  ...  ce1b1916-da1c-11e9-bf4d-40f2e9026674
5   annotations  ...  7c0adc0d-a657-3919-8b77-9bb294b7823c
6    references  ...  f7c2173c-da2c-11e9-9ae5-40f2e9026674
7    references  ...  f7c26c64-da2c-11e9-9ae5-40f2e9026674
8   annotations  ...  71964abc-da49-11e9-a511-40f2e9026674
9    references  ...  533942ec-8f84-35bc-b359-184a4f8660d6
10   references  ...  255012ce-ea01-3596-b1b6-6e657c7a7dde
11   references  ...  cc303697-34ce-3cd1-b883-5d709a4f3e09
12  annotations  ...  6983397c-e268-31e2-bd0d-db7d47c589f9
13   references  ...  27010656-d97a-11e9-9007-40f2e9026890
14   references  ...  2701712c-d97a-11e9-9007-40f2e9026890

[15 rows x 5 columns]
