2019-12-10 10:07:32,445 INFO: 
        ===========================================
        REFCHEF 🐶
        -------------------------------------------
        - References will be downloaded to: /gpfs/data/shared/databases/refchef_refs
        - Remote repository for master.yaml compbiocore/cbc-references-refchef
        - Local repository for master.yaml /gpfs/data/shared/databases/cbc-references-refchef
        - Logs files: /gpfs/data/shared/databases/cbc-references-refchef/logs/
        -------------------------------------------
        
2019-12-10 10:07:32,446 DEBUG: parse kwarg method: 2 ...
2019-12-10 10:07:34,972 INFO: 
        No references to download.
                    
2019-12-10 10:07:34,973 INFO: 
        No references to download.
                    
2019-12-10 10:07:34,973 INFO: 
        No references to download.
                    
2019-12-10 10:07:34,973 INFO: 
        No references to download.
                    
2019-12-10 10:07:34,973 INFO: 
        No references to download.
                    
2019-12-10 10:07:34,973 INFO: 
        No references to download.
                    
2019-12-10 10:07:34,973 INFO: 
        No references to download.
                    
2019-12-10 10:07:34,973 INFO: 
        No references to download.
                    
2019-12-10 10:07:34,973 INFO: 
        No references to download.
                    
2019-12-10 10:07:34,973 INFO: 
        No references to download.
                    
2019-12-10 10:07:34,974 INFO: 
        No references to download.
                    
2019-12-10 10:07:34,974 INFO: 
        No references to download.
                    
2019-12-10 10:07:34,974 INFO: 
        No references to download.
                    
2019-12-10 10:07:34,974 INFO: 
        No references to download.
                    
2019-12-10 10:07:34,974 INFO: 
        No references to download.
                    
2019-12-10 10:07:34,974 INFO: 
        No references to download.
                    
2019-12-10 10:07:34,974 INFO: 
        No references to download.
                    
2019-12-10 10:07:34,974 INFO: 
        No references to download.
                    
2019-12-10 10:07:34,974 INFO: 
        No references to download.
                    
2019-12-10 10:07:34,974 INFO: 
        No references to download.
                    
2019-12-10 10:07:34,974 INFO: 
        -------------------------------------------
        The folowing references will be downloaded:
            - silva_arbfiles
        ===========================================
            
2019-12-10 10:07:34,975 INFO: 
        No references to download.
                    
2019-12-10 10:07:35,489 INFO:  🐶 RefChef... getting reference: silva_arbfiles, component: arb_files
2019-12-10 10:07:35,493 WARNING: No final_checksums.md found. UUID will not correspond to checksum.
