2019-10-01 14:49:10,835 INFO: 
        ===========================================
        REFCHEF ðŸ¶
        -------------------------------------------
        - References will be downloaded to: /gpfs/data/shared/databases/refchef_refs
        - Remote repository for master.yaml compbiocore/cbc-references-refchef
        - Local repository for master.yaml /gpfs/data/shared/databases/cbc-references-refchef
        - Logs files: /gpfs/data/shared/databases/cbc-references-refchef/logs/
        -------------------------------------------
        
2019-10-01 14:49:10,835 DEBUG: parse kwarg method: 2 ...
2019-10-01 14:49:12,966 INFO: 
        No references to download.
                    
2019-10-01 14:49:12,966 INFO: 
        No references to download.
                    
2019-10-01 14:49:12,966 INFO: 
        No references to download.
                    
2019-10-01 14:49:12,966 INFO: 
        No references to download.
                    
2019-10-01 14:49:12,967 INFO: 
        No references to download.
                    
2019-10-01 14:49:12,967 INFO: 
        No references to download.
                    
2019-10-01 14:49:12,967 INFO: 
        No references to download.
                    
2019-10-01 14:49:12,967 INFO: 
        No references to download.
                    
2019-10-01 14:49:12,967 INFO: 
        No references to download.
                    
2019-10-01 14:49:12,967 INFO: 
        No references to download.
                    
2019-10-01 14:49:12,967 INFO: 
        No references to download.
                    
2019-10-01 14:49:12,967 INFO: 
        No references to download.
                    
2019-10-01 14:49:12,967 INFO: 
        -------------------------------------------
        The folowing references will be downloaded:
            - Escherichia_coli_K12
        ===========================================
            
2019-10-01 14:49:13,344 INFO:  ðŸ¶ RefChef... getting reference: Escherichia_coli_K12, component: primary
2019-10-01 14:49:13,345 INFO: Running command "wget ftp://ftp.ensemblgenomes.org/pub/bacteria/release-45/fasta/bacteria_90_collection/escherichia_coli_k_12/dna/Escherichia_coli_k_12.ASM80076v1.dna.toplevel.fa.gz"
2019-10-01 14:49:15,794 INFO: Running command "wget ftp://ftp.ensemblgenomes.org/pub/bacteria/release-45/fasta/bacteria_90_collection/escherichia_coli_k_12/dna/CHECKSUMS"
2019-10-01 14:49:17,079 INFO: Running command "gunzip Escherichia_coli_k_12.ASM80076v1.dna.toplevel.fa.gz"
2019-10-01 14:49:17,231 INFO: Running command "md5 *.* > final_checksums.md5"
2019-10-01 14:49:17,263 INFO: References processed: ['spur31', 'cdubliniensis_cd36', 'broad_bundle_hg19', 'drosophila-melanogaster-bdgp6rel9', 'wbps8_ws256', 'grch37_release87', 'grcm38_p5', 'nt_db', 'nr_db', 'Genbank_UniVec_2018_11_28', 'Escherichia_coli_K12']
2019-10-01 14:49:17,263 INFO: Location of references: /gpfs/data/shared/databases/refchef_refs
2019-10-01 14:49:18,005 INFO: 
           type                               name            component                  organization                                  uuid
0    references               Escherichia_coli_K12              primary              ensembl bacteria  c87ee674-4ddc-3efe-a74e-dfe25da5d7b3
1    references          Genbank_UniVec_2018_11_28              primary                          ncbi  f7b4c5ec-e133-11e9-bab2-40f2e9026674
2    references                  broad_bundle_hg19              primary               broad institute  b2588931-2b94-3d8b-9eab-c8fa153af515
3    references                 cdubliniensis_cd36              primary  http://www.candidagenome.org  3889615c-c609-377c-a49a-2376d7bb4ee1
4    references  drosophila-melanogaster-bdgp6rel9              primary                       ensembl  f00c482a-8550-31b9-89fb-803d4f9edbb5
5   annotations  drosophila-melanogaster-bdgp6rel9                  gtf                       ensembl  e3e260a5-87ff-36a1-8526-c73a9b03ec44
6       indices  drosophila-melanogaster-bdgp6rel9            bwa_index                       ensembl  6206259e-fe61-35a2-9773-6a491c17aa11
7    references                   grch37_release87              primary                       ensembl  ce1b1916-da1c-11e9-bf4d-40f2e9026674
8   annotations                   grch37_release87                  gtf                       ensembl  7c0adc0d-a657-3919-8b77-9bb294b7823c
9    references                          grcm38_p5              primary                       ensembl  f7c2173c-da2c-11e9-9ae5-40f2e9026674
10   references                          grcm38_p5   cdna-transcriptome                       ensembl  f7c26c64-da2c-11e9-9ae5-40f2e9026674
11  annotations                          grcm38_p5                  gtf                       ensembl  71964abc-da49-11e9-a511-40f2e9026674
12   references                              nr_db             blast_db                          ncbi  533942ec-8f84-35bc-b359-184a4f8660d6
13   references                              nt_db             blast_db                          ncbi  255012ce-ea01-3596-b1b6-6e657c7a7dde
14   references                             spur31              primary               ensembl metazoa  cc303697-34ce-3cd1-b883-5d709a4f3e09
15  annotations                             spur31                  gtf               ensembl metazoa  6983397c-e268-31e2-bd0d-db7d47c589f9
16   references                        wbps8_ws256              primary             wormbase_parasite  27010656-d97a-11e9-9007-40f2e9026890
17   references                        wbps8_ws256  cdna-trandscriptome             wormbase_parasite  2701712c-d97a-11e9-9007-40f2e9026890
