2020-12-11 16:18:57,671 INFO: 
        ===========================================
        REFCHEF 🐶
        -------------------------------------------
        - References will be downloaded to: /gpfs/data/shared/databases/refchef_refs
        - Remote repository for master.yaml compbiocore/cbc-references-refchef
        - Local repository for master.yaml /gpfs/data/shared/databases/cbc-references-refchef
        - Logs files: /gpfs/data/shared/databases/cbc-references-refchef/logs/
        -------------------------------------------
        
2020-12-11 16:18:57,671 DEBUG: parse kwarg method: 2 ...
2020-12-11 16:19:03,177 INFO: 
        No references to download.
                    
2020-12-11 16:19:03,177 INFO: 
        No references to download.
                    
2020-12-11 16:19:03,177 INFO: 
        No references to download.
                    
2020-12-11 16:19:03,177 INFO: 
        No references to download.
                    
2020-12-11 16:19:03,177 INFO: 
        No references to download.
                    
2020-12-11 16:19:03,177 INFO: 
        No references to download.
                    
2020-12-11 16:19:03,177 INFO: 
        No references to download.
                    
2020-12-11 16:19:03,177 INFO: 
        No references to download.
                    
2020-12-11 16:19:03,178 INFO: 
        No references to download.
                    
2020-12-11 16:19:03,178 INFO: 
        No references to download.
                    
2020-12-11 16:19:03,178 INFO: 
        No references to download.
                    
2020-12-11 16:19:03,178 INFO: 
        No references to download.
                    
2020-12-11 16:19:03,178 INFO: 
        No references to download.
                    
2020-12-11 16:19:03,178 INFO: 
        No references to download.
                    
2020-12-11 16:19:03,178 INFO: 
        No references to download.
                    
2020-12-11 16:19:03,178 INFO: 
        No references to download.
                    
2020-12-11 16:19:03,178 INFO: 
        No references to download.
                    
2020-12-11 16:19:03,178 INFO: 
        No references to download.
                    
2020-12-11 16:19:03,178 INFO: 
        No references to download.
                    
2020-12-11 16:19:03,179 INFO: 
        No references to download.
                    
2020-12-11 16:19:03,179 INFO: 
        No references to download.
                    
2020-12-11 16:19:03,179 INFO: 
        No references to download.
                    
2020-12-11 16:19:03,179 INFO: 
        No references to download.
                    
2020-12-11 16:19:03,179 INFO: 
        No references to download.
                    
2020-12-11 16:19:03,179 INFO: 
        No references to download.
                    
2020-12-11 16:19:03,179 INFO: 
        No references to download.
                    
2020-12-11 16:19:03,179 INFO: 
        No references to download.
                    
2020-12-11 16:19:03,179 INFO: 
        No references to download.
                    
2020-12-11 16:19:03,179 INFO: 
        No references to download.
                    
2020-12-11 16:19:03,180 INFO: 
        No references to download.
                    
2020-12-11 16:19:03,180 INFO: 
        No references to download.
                    
