2020-12-18 11:36:35,171 INFO: 
        ===========================================
        REFCHEF 🐶
        -------------------------------------------
        - References will be downloaded to: /gpfs/data/shared/databases/refchef_refs
        - Remote repository for master.yaml compbiocore/cbc-references-refchef
        - Local repository for master.yaml /gpfs/data/shared/databases/cbc-references-refchef
        - Logs files: /gpfs/data/shared/databases/cbc-references-refchef/logs/
        -------------------------------------------
        
2020-12-18 11:36:35,171 DEBUG: parse kwarg method: 2 ...
2020-12-18 11:36:40,706 INFO: 
        No references to download.
                    
2020-12-18 11:36:40,706 INFO: 
        No references to download.
                    
2020-12-18 11:36:40,706 INFO: 
        No references to download.
                    
2020-12-18 11:36:40,706 INFO: 
        No references to download.
                    
2020-12-18 11:36:40,706 INFO: 
        No references to download.
                    
2020-12-18 11:36:40,706 INFO: 
        No references to download.
                    
2020-12-18 11:36:40,706 INFO: 
        No references to download.
                    
2020-12-18 11:36:40,706 INFO: 
        No references to download.
                    
2020-12-18 11:36:40,707 INFO: 
        No references to download.
                    
2020-12-18 11:36:40,707 INFO: 
        No references to download.
                    
2020-12-18 11:36:40,707 INFO: 
        No references to download.
                    
2020-12-18 11:36:40,707 INFO: 
        No references to download.
                    
2020-12-18 11:36:40,707 INFO: 
        No references to download.
                    
2020-12-18 11:36:40,707 INFO: 
        No references to download.
                    
2020-12-18 11:36:40,707 INFO: 
        No references to download.
                    
2020-12-18 11:36:40,707 INFO: 
        No references to download.
                    
2020-12-18 11:36:40,707 INFO: 
        No references to download.
                    
2020-12-18 11:36:40,707 INFO: 
        No references to download.
                    
2020-12-18 11:36:40,708 INFO: 
        No references to download.
                    
2020-12-18 11:36:40,708 INFO: 
        No references to download.
                    
2020-12-18 11:36:40,708 INFO: 
        No references to download.
                    
2020-12-18 11:36:40,708 INFO: 
        No references to download.
                    
2020-12-18 11:36:40,708 INFO: 
        No references to download.
                    
2020-12-18 11:36:40,708 INFO: 
        No references to download.
                    
2020-12-18 11:36:40,708 INFO: 
        No references to download.
                    
2020-12-18 11:36:40,708 INFO: 
        No references to download.
                    
2020-12-18 11:36:40,708 INFO: 
        No references to download.
                    
2020-12-18 11:36:40,708 INFO: 
        No references to download.
                    
2020-12-18 11:36:40,708 INFO: 
        No references to download.
                    
2020-12-18 11:36:40,709 INFO: 
        No references to download.
                    
2020-12-18 11:36:40,709 INFO: 
        No references to download.
                    
