2019-10-29 15:24:49,819 INFO: 
        ===========================================
        REFCHEF ðŸ¶
        -------------------------------------------
        - References will be downloaded to: /gpfs/data/shared/databases/refchef_refs
        - Remote repository for master.yaml compbiocore/cbc-references-refchef
        - Local repository for master.yaml /gpfs/data/shared/databases/cbc-references-refchef
        - Logs files: /gpfs/data/shared/databases/cbc-references-refchef/logs/
        -------------------------------------------
        
2019-10-29 15:24:49,819 DEBUG: parse kwarg method: 2 ...
2019-10-29 15:24:51,156 INFO: 
        No references to download.
                    
2019-10-29 15:24:51,156 INFO: 
        No references to download.
                    
2019-10-29 15:24:51,156 INFO: 
        No references to download.
                    
2019-10-29 15:24:51,156 INFO: 
        No references to download.
                    
2019-10-29 15:24:51,156 INFO: 
        No references to download.
                    
2019-10-29 15:24:51,156 INFO: 
        No references to download.
                    
2019-10-29 15:24:51,156 INFO: 
        No references to download.
                    
2019-10-29 15:24:51,157 INFO: 
        No references to download.
                    
2019-10-29 15:24:51,157 INFO: 
        No references to download.
                    
2019-10-29 15:24:51,157 INFO: 
        No references to download.
                    
2019-10-29 15:24:51,157 INFO: 
        No references to download.
                    
2019-10-29 15:24:51,157 INFO: 
        No references to download.
                    
2019-10-29 15:24:51,426 INFO:  ðŸ¶ RefChef... getting index: drosophila-melanogaster-bdgp6rel9, component: bowtie2_index
2019-10-29 15:24:51,427 INFO: Running command "ln -s /gpfs/data/shared/databases/refchef_refs/drosophila-melanogaster-bdgp6rel9/primary/Drosophila_melanogaster.BDGP6.dna.toplevel.fa /gpfs/data/shared/databases/refchef_refs/drosophila-melanogaster-bdgp6rel9/bowtie2_index/Drosophila_melanogaster.BDGP6.dna.toplevel.fa"
2019-10-29 15:24:51,448 INFO: Running command "cd /gpfs/data/shared/databases/refchef_refs/drosophila-melanogaster-bdgp6rel9/bowtie2_index"
2019-10-29 15:24:51,454 INFO: Running command "bowtie2-build Drosophila_melanogaster.BDGP6.dna.toplevel.fa drosophila-melanogaster-bdgp6rel9"
2019-10-29 15:29:36,934 INFO: Running command "md5sum *.* > final_checksums.md5"
