2019-09-20 11:48:59,514 INFO: 
        ===========================================
        REFCHEF 🐶
        -------------------------------------------
        - References will be downloaded to: /gpfs/data/shared/databases/refchef_refs
        - Remote repository for master.yaml compbiocore/cbc-references-refchef
        - Local repository for master.yaml /gpfs/data/shared/databases/cbc-references-refchef
        - Logs files: /gpfs/data/shared/databases/cbc-references-refchef/logs/
        -------------------------------------------
        
2019-09-20 11:48:59,514 DEBUG: parse kwarg method: 2 ...
2019-09-20 11:48:59,699 INFO: 
        No references to download.
                    
2019-09-20 11:48:59,699 INFO: 
        No references to download.
                    
2019-09-20 11:48:59,699 INFO: 
        No references to download.
                    
2019-09-20 11:48:59,699 INFO: 
        No references to download.
                    
2019-09-20 11:48:59,699 INFO: 
        No references to download.
                    
2019-09-20 11:48:59,699 INFO: 
        No references to download.
                    
2019-09-20 11:48:59,699 INFO: 
        No references to download.
                    
2019-09-20 11:48:59,699 INFO: 
        No references to download.
                    
2019-09-20 11:48:59,699 INFO: 
        No references to download.
                    
