2019-09-05 16:19:00,843 INFO: 
        ===========================================
        REFCHEF 🐶
        -------------------------------------------
        - References will be downloaded to: /gpfs/data/shared/databases/refchef_refs
        - Remote repository for master.yaml compbiocore/cbc-references-refchef
        - Local repository for master.yaml /gpfs/data/shared/databases/cbc-references-refchef
        - Logs files: /gpfs/data/shared/databases/cbc-references-refchef/logs/
        -------------------------------------------
        
2019-09-05 16:19:00,843 DEBUG: parse kwarg method: 2 ...
2019-09-05 16:19:00,966 INFO: 
        No references to download.
                    
2019-09-05 16:19:00,966 INFO: 
        No references to download.
                    
2019-09-05 16:19:00,967 INFO: 
        No references to download.
                    
2019-09-05 16:19:00,967 INFO: 
        No references to download.
                    
2019-09-05 16:19:01,000 INFO: References processed: ['spur31', 'cdubliniensis_cd36', 'broad_bundle_hg19', 'drosophila-melanogaster.bdgp6rel9']
2019-09-05 16:19:01,000 INFO: Location of references: /gpfs/data/shared/databases/refchef_refs
2019-09-05 16:19:01,137 INFO: 
         type                name component                  organization                                  uuid
0  references   broad_bundle_hg19   primary               broad institute  b2588931-2b94-3d8b-9eab-c8fa153af515
1  references  cdubliniensis_cd36   primary  http://www.candidagenome.org  3889615c-c609-377c-a49a-2376d7bb4ee1
2  references              spur31   primary               ensembl metazoa  cc303697-34ce-3cd1-b883-5d709a4f3e09
