2020-12-18 16:39:46,265 INFO: 
        ===========================================
        REFCHEF 🐶
        -------------------------------------------
        - References will be downloaded to: /gpfs/data/shared/databases/refchef_refs
        - Remote repository for master.yaml compbiocore/cbc-references-refchef
        - Local repository for master.yaml /gpfs/data/shared/databases/cbc-references-refchef
        - Logs files: /gpfs/data/shared/databases/cbc-references-refchef/logs/
        -------------------------------------------
        
2020-12-18 16:39:46,265 DEBUG: parse kwarg method: 2 ...
2020-12-18 16:39:51,752 INFO: 
        No references to download.
                    
2020-12-18 16:39:51,752 INFO: 
        No references to download.
                    
2020-12-18 16:39:51,752 INFO: 
        No references to download.
                    
2020-12-18 16:39:51,752 INFO: 
        No references to download.
                    
2020-12-18 16:39:51,753 INFO: 
        No references to download.
                    
2020-12-18 16:39:51,753 INFO: 
        No references to download.
                    
2020-12-18 16:39:51,753 INFO: 
        No references to download.
                    
2020-12-18 16:39:51,753 INFO: 
        No references to download.
                    
2020-12-18 16:39:51,753 INFO: 
        No references to download.
                    
2020-12-18 16:39:51,753 INFO: 
        No references to download.
                    
2020-12-18 16:39:51,753 INFO: 
        No references to download.
                    
2020-12-18 16:39:51,753 INFO: 
        No references to download.
                    
2020-12-18 16:39:51,753 INFO: 
        No references to download.
                    
2020-12-18 16:39:51,754 INFO: 
        No references to download.
                    
2020-12-18 16:39:51,754 INFO: 
        No references to download.
                    
2020-12-18 16:39:51,754 INFO: 
        No references to download.
                    
2020-12-18 16:39:51,754 INFO: 
        No references to download.
                    
2020-12-18 16:39:51,754 INFO: 
        No references to download.
                    
2020-12-18 16:39:51,754 INFO: 
        No references to download.
                    
2020-12-18 16:39:51,754 INFO: 
        No references to download.
                    
2020-12-18 16:39:51,754 INFO: 
        No references to download.
                    
2020-12-18 16:39:51,754 INFO: 
        No references to download.
                    
2020-12-18 16:39:51,754 INFO: 
        No references to download.
                    
2020-12-18 16:39:51,755 INFO: 
        No references to download.
                    
2020-12-18 16:39:51,755 INFO: 
        No references to download.
                    
2020-12-18 16:39:51,755 INFO: 
        No references to download.
                    
2020-12-18 16:39:51,755 INFO: 
        No references to download.
                    
2020-12-18 16:39:51,755 INFO: 
        No references to download.
                    
