2019-09-04 11:59:24,668 INFO: 
        ===========================================
        REFCHEF ðŸ¶
        -------------------------------------------
        - References will be downloaded to: /gpfs/data/shared/databases/refchef_refs
        - Remote repository for master.yaml compbiocore/cbc-references-refchef
        - Local repository for master.yaml /gpfs/data/shared/databases/cbc-references-refchef
        - Logs files: /gpfs/data/shared/databases/cbc-references-refchef/logs/
        -------------------------------------------
        
2019-09-04 11:59:24,668 INFO: 
        -------------------------------------------
        The folowing references will be downloaded:
            - spur31
        ===========================================
            
2019-09-04 11:59:24,675 INFO:  ðŸ¶ RefChef... getting reference: spur31, component: primary
2019-09-04 11:59:24,675 INFO: Running command "wget ftp://ftp.ensemblgenomes.org/pub/metazoa/release-43/fasta/strongylocentrotus_purpuratus/dna/CHECKSUMS"
2019-09-04 11:59:26,046 INFO: Running command "wget ftp://ftp.ensemblgenomes.org/pub/metazoa/release-43/fasta/strongylocentrotus_purpuratus/dna/Strongylocentrotus_purpuratus.Spur_3.1.dna.toplevel.fa.gz"
2019-09-04 11:59:55,285 INFO: Running command "md5sum * > final_checksums.md5"
2019-09-04 11:59:57,116 INFO: References processed: ['spur31']
2019-09-04 11:59:57,116 INFO: Location of references: /gpfs/data/shared/databases/refchef_refs
2019-09-04 11:59:57,182 INFO: 
         type    name component organization                                  uuid
0  references  spur31   primary      ensembl  cc303697-34ce-3cd1-b883-5d709a4f3e09
