2020-02-13 14:30:43,861 INFO: 
        ===========================================
        REFCHEF ðŸ¶
        -------------------------------------------
        - References will be downloaded to: /gpfs/data/shared/databases/refchef_refs
        - Remote repository for master.yaml compbiocore/cbc-references-refchef
        - Local repository for master.yaml /gpfs/data/shared/databases/cbc-references-refchef
        - Logs files: /gpfs/data/shared/databases/cbc-references-refchef/logs/
        -------------------------------------------
        
2020-02-13 14:30:43,862 DEBUG: parse kwarg method: 2 ...
2020-02-13 14:30:50,651 INFO: 
        No references to download.
                    
2020-02-13 14:30:50,652 INFO: 
        No references to download.
                    
2020-02-13 14:30:50,652 INFO: 
        No references to download.
                    
2020-02-13 14:30:50,652 INFO: 
        No references to download.
                    
2020-02-13 14:30:50,652 INFO: 
        No references to download.
                    
2020-02-13 14:30:50,652 INFO: 
        No references to download.
                    
2020-02-13 14:30:50,652 INFO: 
        No references to download.
                    
2020-02-13 14:30:50,653 INFO: 
        -------------------------------------------
        The folowing references will be downloaded:
            - grch37_release87
        ===========================================
            
2020-02-13 14:30:50,653 INFO: 
        No references to download.
                    
2020-02-13 14:30:50,653 INFO: 
        No references to download.
                    
2020-02-13 14:30:50,653 INFO: 
        No references to download.
                    
2020-02-13 14:30:50,653 INFO: 
        No references to download.
                    
2020-02-13 14:30:50,653 INFO: 
        No references to download.
                    
2020-02-13 14:30:50,654 INFO: 
        No references to download.
                    
2020-02-13 14:30:50,654 INFO: 
        No references to download.
                    
2020-02-13 14:30:50,654 INFO: 
        No references to download.
                    
2020-02-13 14:30:50,654 INFO: 
        No references to download.
                    
2020-02-13 14:30:50,654 INFO: 
        No references to download.
                    
2020-02-13 14:30:50,654 INFO: 
        No references to download.
                    
2020-02-13 14:30:50,654 INFO: 
        No references to download.
                    
2020-02-13 14:30:50,655 INFO: 
        No references to download.
                    
2020-02-13 14:30:50,655 INFO: 
        No references to download.
                    
2020-02-13 14:30:50,655 INFO: 
        No references to download.
                    
2020-02-13 14:30:50,655 INFO: 
        No references to download.
                    
2020-02-13 14:30:50,655 INFO: 
        No references to download.
                    
2020-02-13 14:30:50,655 INFO: 
        No references to download.
                    
2020-02-13 14:30:50,655 INFO: 
        No references to download.
                    
2020-02-13 14:30:50,656 INFO: 
        No references to download.
                    
2020-02-13 14:30:50,656 INFO: 
        No references to download.
                    
2020-02-13 14:30:50,656 INFO: 
        No references to download.
                    
2020-02-13 14:30:50,656 INFO: 
        No references to download.
                    
2020-02-13 14:30:51,994 INFO:  ðŸ¶ RefChef... getting reference: grch37_release87, component: primary
2020-02-13 14:30:51,994 INFO: Running command "gunzip -c Homo_sapiens.GRCh37.dna.primary_assembly.fa.gz > Homo_sapiens.GRCh37.dna.primary_assembly.fa"
2020-02-13 14:31:22,998 WARNING: No final_checksums.md found. UUID will not correspond to checksum.
2020-02-13 14:31:23,290 INFO: References processed: ['spur31', 'cdubliniensis_cd36', 'broad_bundle_hg19', 'drosophila-melanogaster-bdgp6rel9', 'wbps8_ws256', 'grch37_release87', 'grcm38_p5', 'nt_db', 'nr_db', 'Escherichia_coli_K12', 'grch38_release98', 'saccer3', 'spur42', 'spur50', 'grcm38_p6', 'refseq_genomic', 'refseq_rna', 'refseq_protein', 'pr2_db', 'OM-RGC', 'silva_arbfiles', 'uniprot', 'rnor60', 'Genbank_bacteria_all_2018_11_20_15_34_part1', 'Genbank_bacteria_all_2018_11_20_15_34_part2', 'Genbank_bacteria_all_2018_11_20_15_34_part3', 'Genbank_UniVec_2018_11_28']
2020-02-13 14:31:23,291 INFO: Location of references: /gpfs/data/shared/databases/refchef_refs
2020-02-13 14:31:25,213 INFO: 
           type                                         name  ...                     organization                                  uuid
0    references                         Escherichia_coli_K12  ...                 ensembl bacteria  c87ee674-4ddc-3efe-a74e-dfe25da5d7b3
1       indices                         Escherichia_coli_K12  ...                 ensembl bacteria  c87ee674-4ddc-3efe-a74e-dfe25da5d7b3
2       indices                         Escherichia_coli_K12  ...                 ensembl bacteria  c87ee674-4ddc-3efe-a74e-dfe25da5d7b3
3       indices                         Escherichia_coli_K12  ...                 ensembl bacteria  25a17cdf-ef06-36ed-b43e-b1b608a4bbba
4    references                    Genbank_UniVec_2018_11_28  ...                             ncbi  a6f91011-e6c2-32c1-90c7-77b361881667
5    references  Genbank_bacteria_all_2018_11_20_15_34_part1  ...                             NCBI  08e83e43-de61-3dfe-8b5e-cfb8fc81b3e7
6    references  Genbank_bacteria_all_2018_11_20_15_34_part2  ...                             NCBI  5445c326-80f1-3037-92cb-b72f3d4e8526
7    references  Genbank_bacteria_all_2018_11_20_15_34_part3  ...                             NCBI  34aaa373-6e32-394d-acad-ef7518200728
8    references                                       OM-RGC  ...  http://ocean-microbiome.embl.de  32bac0eb-e182-3657-97e9-a24858f052f4
9    references                            broad_bundle_hg19  ...                  broad institute  b2588931-2b94-3d8b-9eab-c8fa153af515
10   references                           cdubliniensis_cd36  ...     http://www.candidagenome.org  3889615c-c609-377c-a49a-2376d7bb4ee1
11   references            drosophila-melanogaster-bdgp6rel9  ...                          ensembl  f00c482a-8550-31b9-89fb-803d4f9edbb5
12  annotations            drosophila-melanogaster-bdgp6rel9  ...                          ensembl  e3e260a5-87ff-36a1-8526-c73a9b03ec44
13      indices            drosophila-melanogaster-bdgp6rel9  ...                          ensembl  6206259e-fe61-35a2-9773-6a491c17aa11
14      indices            drosophila-melanogaster-bdgp6rel9  ...                          ensembl  6206259e-fe61-35a2-9773-6a491c17aa11
15      indices            drosophila-melanogaster-bdgp6rel9  ...                          ensembl  6206259e-fe61-35a2-9773-6a491c17aa11
16   references                             grch37_release87  ...                          ensembl  ce1b1916-da1c-11e9-bf4d-40f2e9026674
17   references                             grch37_release87  ...                          ensembl  6afd026e-4e97-11ea-8dd6-40f2e9026674
18  annotations                             grch37_release87  ...                          ensembl  7c0adc0d-a657-3919-8b77-9bb294b7823c
19      indices                             grch37_release87  ...                          ensembl  24b510d3-0a73-3211-98da-274317c2a032
20      indices                             grch37_release87  ...                          ensembl  2161bca8-8c03-3b52-958a-a232158e2c71
21   references                             grch38_release98  ...                          ensembl  fd2286d4-e257-3225-94a7-cd773d331290
22      indices                             grch38_release98  ...                          ensembl  ae68c4f8-8bec-30c6-8349-28be4036da24
23      indices                             grch38_release98  ...                          ensembl  482c6e70-389e-3559-8c19-d86cac067060
24   references                                    grcm38_p5  ...                          ensembl  beed20fa-f897-35bf-808d-0c1ee6173274
25   references                                    grcm38_p5  ...                          ensembl  54a37969-f245-3a78-aec3-d2c6034bbd27
26  annotations                                    grcm38_p5  ...                          ensembl  907f4f2a-000d-11ea-9a67-40f2e9026674
27      indices                                    grcm38_p5  ...                          ensembl  482c6e70-389e-3559-8c19-d86cac067060
28      indices                                    grcm38_p5  ...                          ensembl  482c6e70-389e-3559-8c19-d86cac067060
29      indices                                    grcm38_p5  ...                          ensembl  482c6e70-389e-3559-8c19-d86cac067060
30      indices                                    grcm38_p5  ...                          ensembl  482c6e70-389e-3559-8c19-d86cac067060
31      indices                                    grcm38_p5  ...                          ensembl  482c6e70-389e-3559-8c19-d86cac067060
32      indices                                    grcm38_p5  ...                          ensembl  24c6e462-4457-11ea-8845-40f2e9026674
33   references                                    grcm38_p6  ...                          ensembl  beed20fa-f897-35bf-808d-0c1ee6173274
34   references                                        nr_db  ...                             ncbi  533942ec-8f84-35bc-b359-184a4f8660d6
35   references                                        nt_db  ...                             ncbi  255012ce-ea01-3596-b1b6-6e657c7a7dde
36   references                                       pr2_db  ...                              pr2  86588e9f-0590-3543-90e0-687869395879
37   references                               refseq_genomic  ...                           refseq  2215b7de-abf0-3b75-a246-517a5971b1e4
38   references                               refseq_protein  ...                           refseq  675542c3-a386-3f32-9bcf-fe814c40f3b7
39   references                                   refseq_rna  ...                           refseq  6b7fc33c-7fd4-301e-ada4-d036e1d0bfdd
40   references                                       rnor60  ...                          ensembl  6c55654e-1cf0-11ea-a829-40f2e9026674
41   references                                       rnor60  ...                          ensembl  beb90247-f594-34cf-ad25-fee40c44d4d1
42  annotations                                       rnor60  ...                          ensembl  0a53af32-88f6-31e2-912d-2dfb6d66c912
43  annotations                                       rnor60  ...                          ensembl  d9a57af3-210c-3c02-8964-6118fb91f4f0
44   references                                      saccer3  ...                          ensembl  2433f3a6-0a29-34bc-8868-2fb9609d4025
45  annotations                                      saccer3  ...                          ensembl  a8d15bf6-7a67-36b7-911d-4daf174f79af
46      indices                                      saccer3  ...                          ensembl  91b325e3-aaa0-3d8f-af1e-79716e343bfe
47      indices                                      saccer3  ...                          ensembl  e7428ca2-68e8-3356-90a8-e5016deea499
48      indices                                      saccer3  ...                          ensembl  91b325e3-aaa0-3d8f-af1e-79716e343bfe
49   references                               silva_arbfiles  ...                     arb-silva.de  646321f7-4ab2-3421-9dfb-fe74c455fcc1
50   references                                       spur31  ...                  ensembl metazoa  cc303697-34ce-3cd1-b883-5d709a4f3e09
51  annotations                                       spur31  ...                  ensembl metazoa  6983397c-e268-31e2-bd0d-db7d47c589f9
52   references                                       spur42  ...                           refseq  8f31c081-25d0-3af9-90aa-bc012c0791a8
53   references                                       spur50  ...                           refseq  f3ba430e-6857-3919-8b81-17ff20e05557
54   references                                      uniprot  ...                      uniprot.org  36c1a962-d1e6-3852-a177-047435e79855
55   references                                  wbps8_ws256  ...                wormbase_parasite  27010656-d97a-11e9-9007-40f2e9026890
56   references                                  wbps8_ws256  ...                wormbase_parasite  2701712c-d97a-11e9-9007-40f2e9026890

[57 rows x 5 columns]
