2019-11-06 12:45:34,491 INFO: 
        ===========================================
        REFCHEF ðŸ¶
        -------------------------------------------
        - References will be downloaded to: /gpfs/data/shared/databases/refchef_refs
        - Remote repository for master.yaml compbiocore/cbc-references-refchef
        - Local repository for master.yaml /gpfs/data/shared/databases/cbc-references-refchef
        - Logs files: /gpfs/data/shared/databases/cbc-references-refchef/logs/
        -------------------------------------------
        
2019-11-06 12:45:34,491 DEBUG: parse kwarg method: 2 ...
2019-11-06 12:45:35,757 INFO: 
        No references to download.
                    
2019-11-06 12:45:35,757 INFO: 
        No references to download.
                    
2019-11-06 12:45:35,757 INFO: 
        No references to download.
                    
2019-11-06 12:45:35,757 INFO: 
        No references to download.
                    
2019-11-06 12:45:35,757 INFO: 
        No references to download.
                    
2019-11-06 12:45:35,758 INFO: 
        No references to download.
                    
2019-11-06 12:45:35,758 INFO: 
        No references to download.
                    
2019-11-06 12:45:35,758 INFO: 
        No references to download.
                    
2019-11-06 12:45:35,758 INFO: 
        No references to download.
                    
2019-11-06 12:45:35,758 INFO: 
        No references to download.
                    
2019-11-06 12:45:35,758 INFO: 
        No references to download.
                    
2019-11-06 12:45:35,758 INFO: 
        No references to download.
                    
2019-11-06 12:45:35,983 INFO:  ðŸ¶ RefChef... getting index: grcm38_p5, component: bowtie2_index
2019-11-06 12:45:35,983 INFO: Running command "ln -s /gpfs/data/shared/databases/refchef_refs/grcm38_p5/primary/Mus_musculus.GRCm38.dna.primary_assembly.fa /gpfs/data/shared/databases/refchef_refs/grcm38_p5/bowtie2_index/Mus_musculus.GRCm38.dna.primary_assembly.fa"
2019-11-06 12:45:35,995 INFO: Running command "cd /gpfs/data/shared/databases/refchef_refs/grcm38_p5/bowtie2_index/"
2019-11-06 12:45:36,001 INFO: Running command "bowtie2-build Drosophila_melanogaster.BDGP6.dna.toplevel.fa grcm38_p5"
2019-11-06 12:45:36,310 INFO: Running command "md5sum *.* > final_checksums.md5"
