2019-10-29 15:57:23,339 INFO: 
        ===========================================
        REFCHEF 🐶
        -------------------------------------------
        - References will be downloaded to: /gpfs/data/shared/databases/refchef_refs
        - Remote repository for master.yaml compbiocore/cbc-references-refchef
        - Local repository for master.yaml /gpfs/data/shared/databases/cbc-references-refchef
        - Logs files: /gpfs/data/shared/databases/cbc-references-refchef/logs/
        -------------------------------------------
        
2019-10-29 15:57:23,339 DEBUG: parse kwarg method: 2 ...
2019-10-29 15:57:25,354 INFO: 
        No references to download.
                    
2019-10-29 15:57:25,354 INFO: 
        No references to download.
                    
2019-10-29 15:57:25,354 INFO: 
        No references to download.
                    
2019-10-29 15:57:25,354 INFO: 
        No references to download.
                    
2019-10-29 15:57:25,354 INFO: 
        No references to download.
                    
2019-10-29 15:57:25,355 INFO: 
        No references to download.
                    
2019-10-29 15:57:25,355 INFO: 
        No references to download.
                    
2019-10-29 15:57:25,355 INFO: 
        No references to download.
                    
2019-10-29 15:57:25,355 INFO: 
        No references to download.
                    
2019-10-29 15:57:25,355 INFO: 
        No references to download.
                    
2019-10-29 15:57:25,355 INFO: 
        No references to download.
                    
2019-10-29 15:57:25,355 INFO: 
        No references to download.
                    
2019-10-29 15:57:25,725 INFO:  🐶 RefChef... getting index: drosophila-melanogaster-bdgp6rel9, component: bowtie2_index
2019-10-29 15:57:25,725 INFO: Running command "ln -s /gpfs/data/shared/databases/refchef_refs/drosophila-melanogaster-bdgp6rel9/primary/Drosophila_melanogaster.BDGP6.dna.toplevel.fa /gpfs/data/shared/databases/refchef_refs/drosophila-melanogaster-bdgp6rel9/bowtie2_index/Drosophila_melanogaster.BDGP6.dna.toplevel.fa"
2019-10-29 15:57:25,735 INFO: Running command "cd /gpfs/data/shared/databases/refchef_refs/drosophila-melanogaster-bdgp6rel9/bowtie2_index"
2019-10-29 15:57:25,741 INFO: Running command "bowtie2-build Drosophila_melanogaster.BDGP6.dna.toplevel.fa drosophila-melanogaster-bdgp6rel9"
