2020-12-11 17:39:57,988 INFO: 
        ===========================================
        REFCHEF 🐶
        -------------------------------------------
        - References will be downloaded to: /gpfs/data/shared/databases/refchef_refs
        - Remote repository for master.yaml compbiocore/cbc-references-refchef
        - Local repository for master.yaml /gpfs/data/shared/databases/cbc-references-refchef
        - Logs files: /gpfs/data/shared/databases/cbc-references-refchef/logs/
        -------------------------------------------
        
2020-12-11 17:39:57,989 DEBUG: parse kwarg method: 2 ...
2020-12-11 17:40:01,615 INFO: 
        No references to download.
                    
2020-12-11 17:40:01,616 INFO: 
        No references to download.
                    
2020-12-11 17:40:01,616 INFO: 
        No references to download.
                    
2020-12-11 17:40:01,616 INFO: 
        No references to download.
                    
2020-12-11 17:40:01,616 INFO: 
        No references to download.
                    
2020-12-11 17:40:01,616 INFO: 
        No references to download.
                    
2020-12-11 17:40:01,616 INFO: 
        No references to download.
                    
2020-12-11 17:40:01,617 INFO: 
        No references to download.
                    
2020-12-11 17:40:01,617 INFO: 
        No references to download.
                    
2020-12-11 17:40:01,617 INFO: 
        No references to download.
                    
2020-12-11 17:40:01,617 INFO: 
        No references to download.
                    
2020-12-11 17:40:01,617 INFO: 
        No references to download.
                    
2020-12-11 17:40:01,617 INFO: 
        No references to download.
                    
2020-12-11 17:40:01,618 INFO: 
        No references to download.
                    
2020-12-11 17:40:01,618 INFO: 
        No references to download.
                    
2020-12-11 17:40:01,618 INFO: 
        No references to download.
                    
2020-12-11 17:40:01,618 INFO: 
        No references to download.
                    
2020-12-11 17:40:01,618 INFO: 
        No references to download.
                    
2020-12-11 17:40:01,618 INFO: 
        No references to download.
                    
2020-12-11 17:40:01,618 INFO: 
        No references to download.
                    
2020-12-11 17:40:01,619 INFO: 
        No references to download.
                    
2020-12-11 17:40:01,619 INFO: 
        No references to download.
                    
2020-12-11 17:40:01,619 INFO: 
        No references to download.
                    
2020-12-11 17:40:01,619 INFO: 
        No references to download.
                    
2020-12-11 17:40:01,619 INFO: 
        No references to download.
                    
2020-12-11 17:40:01,619 INFO: 
        No references to download.
                    
2020-12-11 17:40:01,620 INFO: 
        No references to download.
                    
2020-12-11 17:40:01,620 INFO: 
        No references to download.
                    
2020-12-11 17:40:01,620 INFO: 
        No references to download.
                    
2020-12-11 17:40:01,620 INFO: 
        No references to download.
                    
2020-12-11 17:40:01,620 INFO: 
        No references to download.
                    
