2019-09-05 16:23:10,826 INFO: 
        ===========================================
        REFCHEF ðŸ¶
        -------------------------------------------
        - References will be downloaded to: /gpfs/data/shared/databases/refchef_refs
        - Remote repository for master.yaml compbiocore/cbc-references-refchef
        - Local repository for master.yaml /gpfs/data/shared/databases/cbc-references-refchef
        - Logs files: /gpfs/data/shared/databases/cbc-references-refchef/logs/
        -------------------------------------------
        
2019-09-05 16:23:10,826 DEBUG: parse kwarg method: 2 ...
2019-09-05 16:23:10,945 INFO: 
        No references to download.
                    
2019-09-05 16:23:10,946 INFO: 
        No references to download.
                    
2019-09-05 16:23:10,946 INFO: 
        No references to download.
                    
2019-09-05 16:23:10,946 INFO: 
        -------------------------------------------
        The folowing references will be downloaded:
            - drosophila-melanogaster-bdgp6rel9
        ===========================================
            
2019-09-05 16:23:10,980 INFO:  ðŸ¶ RefChef... getting reference: drosophila-melanogaster-bdgp6rel9, component: primary
2019-09-05 16:23:10,981 INFO: Running command "wget ftp://ftp.ensembl.org/pub/release-91/fasta/drosophila_melanogaster/dna/Drosophila_melanogaster.BDGP6.dna.toplevel.fa.gz"
2019-09-05 16:23:18,856 INFO: Running command "wget ftp://ftp.ensembl.org/pub/release-91/fasta/drosophila_melanogaster/dna/CHECKSUMS"
2019-09-05 16:23:20,298 INFO: Running command "grep "dna.toplevel" CHECKSUMS > checksum.ensembl"
2019-09-05 16:23:20,309 INFO: Running command "gunzip -c Drosophila_melanogaster.BDGP6.dna.toplevel.fa.gz > Drosophila_melanogaster.BDGP6.dna.toplevel.fa"
2019-09-05 16:23:21,612 INFO: Running command "sum Drosophila_melanogaster.BDGP6.dna.toplevel.fa.gz"
2019-09-05 16:23:21,712 INFO: Running command "md5sum Drosophila_melanogaster.BDGP6.dna.toplevel.fa.gz > checksum.md5"
2019-09-05 16:23:21,818 INFO: Running command "md5sum Drosophila_melanogaster.BDGP6.dna.toplevel.fa >> checksum.md5"
2019-09-05 16:23:22,150 INFO: Running command "mkdir Drosophila_melanogaster.BDGP6.rel91"
2019-09-05 16:23:22,163 INFO: Running command "md5sum *.* > final_checksums.md5"
2019-09-05 16:23:22,610 INFO: References processed: ['spur31', 'cdubliniensis_cd36', 'broad_bundle_hg19', 'drosophila-melanogaster-bdgp6rel9']
2019-09-05 16:23:22,610 INFO: Location of references: /gpfs/data/shared/databases/refchef_refs
2019-09-05 16:23:22,757 INFO: 
         type                               name component                  organization                                  uuid
0  references                  broad_bundle_hg19   primary               broad institute  b2588931-2b94-3d8b-9eab-c8fa153af515
1  references                 cdubliniensis_cd36   primary  http://www.candidagenome.org  3889615c-c609-377c-a49a-2376d7bb4ee1
2  references  drosophila-melanogaster-bdgp6rel9   primary                       ensembl  f00c482a-8550-31b9-89fb-803d4f9edbb5
3  references                             spur31   primary               ensembl metazoa  cc303697-34ce-3cd1-b883-5d709a4f3e09
