2020-12-18 11:55:52,594 INFO: 
        ===========================================
        REFCHEF 🐶
        -------------------------------------------
        - References will be downloaded to: /gpfs/data/shared/databases/refchef_refs
        - Remote repository for master.yaml compbiocore/cbc-references-refchef
        - Local repository for master.yaml /gpfs/data/shared/databases/cbc-references-refchef
        - Logs files: /gpfs/data/shared/databases/cbc-references-refchef/logs/
        -------------------------------------------
        
2020-12-18 11:55:52,595 DEBUG: parse kwarg method: 2 ...
2020-12-18 11:55:58,241 INFO: 
        No references to download.
                    
2020-12-18 11:55:58,241 INFO: 
        No references to download.
                    
2020-12-18 11:55:58,241 INFO: 
        No references to download.
                    
2020-12-18 11:55:58,241 INFO: 
        No references to download.
                    
2020-12-18 11:55:58,241 INFO: 
        No references to download.
                    
2020-12-18 11:55:58,241 INFO: 
        No references to download.
                    
2020-12-18 11:55:58,242 INFO: 
        No references to download.
                    
2020-12-18 11:55:58,242 INFO: 
        No references to download.
                    
2020-12-18 11:55:58,242 INFO: 
        No references to download.
                    
2020-12-18 11:55:58,242 INFO: 
        No references to download.
                    
2020-12-18 11:55:58,242 INFO: 
        No references to download.
                    
2020-12-18 11:55:58,242 INFO: 
        No references to download.
                    
2020-12-18 11:55:58,242 INFO: 
        No references to download.
                    
2020-12-18 11:55:58,242 INFO: 
        No references to download.
                    
2020-12-18 11:55:58,242 INFO: 
        No references to download.
                    
2020-12-18 11:55:58,242 INFO: 
        No references to download.
                    
2020-12-18 11:55:58,243 INFO: 
        No references to download.
                    
2020-12-18 11:55:58,243 INFO: 
        No references to download.
                    
2020-12-18 11:55:58,243 INFO: 
        No references to download.
                    
2020-12-18 11:55:58,243 INFO: 
        No references to download.
                    
2020-12-18 11:55:58,243 INFO: 
        No references to download.
                    
2020-12-18 11:55:58,243 INFO: 
        No references to download.
                    
2020-12-18 11:55:58,243 INFO: 
        No references to download.
                    
2020-12-18 11:55:58,243 INFO: 
        No references to download.
                    
2020-12-18 11:55:58,243 INFO: 
        No references to download.
                    
2020-12-18 11:55:58,243 INFO: 
        No references to download.
                    
2020-12-18 11:55:58,243 INFO: 
        No references to download.
                    
2020-12-18 11:55:58,244 INFO: 
        No references to download.
                    
2020-12-18 11:55:58,244 INFO: 
        No references to download.
                    
2020-12-18 11:55:58,244 INFO: 
        No references to download.
                    
2020-12-18 11:55:58,244 INFO: 
        No references to download.
                    
