2019-09-03 15:48:46,401 INFO: 
        ===========================================
        REFCHEF ðŸ¶
        -------------------------------------------
        - References will be downloaded to: /gpfs/data/shared/databases/refchef_refs
        - Remote repository for master.yaml False
        - Local repository for master.yaml /gpfs/data/shared/databases/cbc-references-refchef
        - Logs files: /gpfs/data/shared/databases/cbc-references-refchef/logs/
        -------------------------------------------
        
2019-09-03 15:48:46,401 INFO: 
        -------------------------------------------
        The folowing references will be downloaded:
            - spur31
        ===========================================
            
2019-09-03 15:48:46,410 INFO:  ðŸ¶ RefChef... getting reference: spur31, component: primary
2019-09-03 15:48:46,410 INFO: Running command "wget ftp://ftp.ensemblgenomes.org/pub/metazoa/release-43/fasta/strongylocentrotus_purpuratus/dna/CHECKSUMS"
2019-09-03 15:48:47,659 INFO: Running command "wget ftp://ftp.ensemblgenomes.org/pub/metazoa/release-43/fasta/strongylocentrotus_purpuratus/dna/Strongylocentrotus_purpuratus.Spur_3.1.43.dna.toplevel.fa.gz"
2019-09-03 15:48:48,691 INFO: Running command "md5sum * > final_checksums.md5"
2019-09-03 15:48:48,715 INFO: References processed: ['spur31']
2019-09-03 15:48:48,715 INFO: Location of references: /gpfs/data/shared/databases/refchef_refs
2019-09-03 15:48:48,783 INFO: 
         type    name component     organization                                  uuid
0  references  spur31   primary  ensembl metazoa  cc303697-34ce-3cd1-b883-5d709a4f3e09
