2019-12-11 10:59:23,241 INFO: 
        ===========================================
        REFCHEF 🐶
        -------------------------------------------
        - References will be downloaded to: /gpfs/data/shared/databases/refchef_refs
        - Remote repository for master.yaml compbiocore/cbc-references-refchef
        - Local repository for master.yaml /gpfs/data/shared/databases/cbc-references-refchef
        - Logs files: /gpfs/data/shared/databases/cbc-references-refchef/logs/
        -------------------------------------------
        
2019-12-11 10:59:23,241 DEBUG: parse kwarg method: 2 ...
2019-12-11 10:59:28,394 INFO: 
        No references to download.
                    
2019-12-11 10:59:28,394 INFO: 
        No references to download.
                    
2019-12-11 10:59:28,394 INFO: 
        No references to download.
                    
2019-12-11 10:59:28,394 INFO: 
        No references to download.
                    
2019-12-11 10:59:28,395 INFO: 
        No references to download.
                    
2019-12-11 10:59:28,395 INFO: 
        No references to download.
                    
2019-12-11 10:59:28,395 INFO: 
        No references to download.
                    
2019-12-11 10:59:28,395 INFO: 
        No references to download.
                    
2019-12-11 10:59:28,395 INFO: 
        No references to download.
                    
2019-12-11 10:59:28,395 INFO: 
        No references to download.
                    
2019-12-11 10:59:28,395 INFO: 
        No references to download.
                    
2019-12-11 10:59:28,395 INFO: 
        No references to download.
                    
2019-12-11 10:59:28,395 INFO: 
        No references to download.
                    
2019-12-11 10:59:28,396 INFO: 
        No references to download.
                    
2019-12-11 10:59:28,396 INFO: 
        No references to download.
                    
2019-12-11 10:59:28,396 INFO: 
        No references to download.
                    
2019-12-11 10:59:28,396 INFO: 
        No references to download.
                    
2019-12-11 10:59:28,396 INFO: 
        No references to download.
                    
2019-12-11 10:59:28,396 INFO: 
        No references to download.
                    
2019-12-11 10:59:28,396 INFO: 
        No references to download.
                    
2019-12-11 10:59:28,396 INFO: 
        No references to download.
                    
2019-12-11 10:59:28,396 INFO: 
        No references to download.
                    
2019-12-11 10:59:28,396 INFO: 
        No references to download.
                    
2019-12-11 10:59:28,397 INFO: 
        -------------------------------------------
        The folowing references will be downloaded:
            - uniprot
        ===========================================
            
