2020-03-10 13:25:18,693 INFO: 
        ===========================================
        REFCHEF 🐶
        -------------------------------------------
        - References will be downloaded to: /gpfs/data/shared/databases/refchef_refs
        - Remote repository for master.yaml compbiocore/cbc-references-refchef
        - Local repository for master.yaml /gpfs/data/shared/databases/cbc-references-refchef
        - Logs files: /gpfs/data/shared/databases/cbc-references-refchef/logs/
        -------------------------------------------
        
2020-03-10 13:25:18,694 DEBUG: parse kwarg method: 2 ...
2020-03-10 13:25:24,168 INFO: 
        No references to download.
                    
2020-03-10 13:25:24,168 INFO: 
        No references to download.
                    
2020-03-10 13:25:24,168 INFO: 
        No references to download.
                    
2020-03-10 13:25:24,168 INFO: 
        No references to download.
                    
2020-03-10 13:25:24,168 INFO: 
        No references to download.
                    
2020-03-10 13:25:24,168 INFO: 
        No references to download.
                    
2020-03-10 13:25:24,169 INFO: 
        No references to download.
                    
2020-03-10 13:25:24,169 INFO: 
        No references to download.
                    
2020-03-10 13:25:24,169 INFO: 
        No references to download.
                    
2020-03-10 13:25:24,169 INFO: 
        No references to download.
                    
2020-03-10 13:25:24,169 INFO: 
        No references to download.
                    
2020-03-10 13:25:24,169 INFO: 
        No references to download.
                    
2020-03-10 13:25:24,169 INFO: 
        No references to download.
                    
2020-03-10 13:25:24,169 INFO: 
        No references to download.
                    
2020-03-10 13:25:24,169 INFO: 
        No references to download.
                    
2020-03-10 13:25:24,169 INFO: 
        No references to download.
                    
2020-03-10 13:25:24,169 INFO: 
        No references to download.
                    
2020-03-10 13:25:24,170 INFO: 
        No references to download.
                    
2020-03-10 13:25:24,170 INFO: 
        No references to download.
                    
2020-03-10 13:25:24,170 INFO: 
        No references to download.
                    
2020-03-10 13:25:24,170 INFO: 
        No references to download.
                    
2020-03-10 13:25:24,170 INFO: 
        No references to download.
                    
2020-03-10 13:25:24,170 INFO: 
        No references to download.
                    
2020-03-10 13:25:24,170 INFO: 
        No references to download.
                    
2020-03-10 13:25:24,170 INFO: 
        No references to download.
                    
2020-03-10 13:25:24,170 INFO: 
        No references to download.
                    
2020-03-10 13:25:24,170 INFO: 
        No references to download.
                    
2020-03-10 13:25:24,170 INFO: 
        No references to download.
                    
2020-03-10 13:25:24,171 INFO: 
        No references to download.
                    
2020-03-10 13:25:24,171 INFO: 
        No references to download.
                    
2020-03-10 13:25:24,171 INFO: 
        No references to download.
                    
2020-03-10 13:25:24,171 INFO: 
        -------------------------------------------
        The folowing references will be downloaded:
            - test
        ===========================================
            
2020-03-10 13:25:25,193 INFO:  🐶 RefChef... getting reference: test, component: primary
2020-03-10 13:25:25,195 WARNING: No final_checksums.md found. UUID will not correspond to checksum.
2020-03-10 13:25:25,436 INFO: References processed: ['spur31', 'cdubliniensis_cd36', 'broad_bundle_hg19', 'drosophila-melanogaster-bdgp6rel9', 'wbps8_ws256', 'grch37_release87', 'grcm38_p5', 'nt_db', 'nr_db', 'Escherichia_coli_K12', 'grch38_release98', 'saccer3', 'spur42', 'spur50', 'grcm38_p6', 'refseq_genomic', 'refseq_rna', 'refseq_protein', 'pr2_db', 'OM-RGC', 'silva_arbfiles', 'uniprot', 'rnor60', 'Genbank_bacteria_all_2018_11_20_15_34_part1', 'Genbank_bacteria_all_2018_11_20_15_34_part2', 'Genbank_bacteria_all_2018_11_20_15_34_part3', 'Genbank_UniVec_2018_11_28', 'test']
2020-03-10 13:25:25,438 INFO: Location of references: /gpfs/data/shared/databases/refchef_refs
