2020-01-31 10:03:18,686 INFO: 
        ===========================================
        REFCHEF ðŸ¶
        -------------------------------------------
        - References will be downloaded to: /gpfs/data/shared/databases/refchef_refs
        - Remote repository for master.yaml compbiocore/cbc-references-refchef
        - Local repository for master.yaml /gpfs/data/shared/databases/cbc-references-refchef
        - Logs files: /gpfs/data/shared/databases/cbc-references-refchef/logs/
        -------------------------------------------
        
2020-01-31 10:03:18,686 DEBUG: parse kwarg method: 2 ...
2020-01-31 10:03:23,986 INFO: 
        No references to download.
                    
2020-01-31 10:03:23,986 INFO: 
        No references to download.
                    
2020-01-31 10:03:23,986 INFO: 
        No references to download.
                    
2020-01-31 10:03:23,987 INFO: 
        No references to download.
                    
2020-01-31 10:03:23,987 INFO: 
        No references to download.
                    
2020-01-31 10:03:23,987 INFO: 
        No references to download.
                    
2020-01-31 10:03:23,987 INFO: 
        No references to download.
                    
2020-01-31 10:03:23,987 INFO: 
        No references to download.
                    
2020-01-31 10:03:23,987 INFO: 
        No references to download.
                    
2020-01-31 10:03:23,987 INFO: 
        No references to download.
                    
2020-01-31 10:03:23,987 INFO: 
        No references to download.
                    
2020-01-31 10:03:23,987 INFO: 
        No references to download.
                    
2020-01-31 10:03:23,987 INFO: 
        No references to download.
                    
2020-01-31 10:03:23,988 INFO: 
        No references to download.
                    
2020-01-31 10:03:23,988 INFO: 
        No references to download.
                    
2020-01-31 10:03:23,988 INFO: 
        No references to download.
                    
2020-01-31 10:03:23,988 INFO: 
        No references to download.
                    
2020-01-31 10:03:23,988 INFO: 
        No references to download.
                    
2020-01-31 10:03:23,988 INFO: 
        No references to download.
                    
2020-01-31 10:03:23,988 INFO: 
        No references to download.
                    
2020-01-31 10:03:23,988 INFO: 
        No references to download.
                    
2020-01-31 10:03:23,988 INFO: 
        No references to download.
                    
2020-01-31 10:03:23,988 INFO: 
        No references to download.
                    
2020-01-31 10:03:23,988 INFO: 
        No references to download.
                    
2020-01-31 10:03:23,989 INFO: 
        No references to download.
                    
2020-01-31 10:03:23,989 INFO: 
        No references to download.
                    
2020-01-31 10:03:23,989 INFO: 
        -------------------------------------------
        The folowing references will be downloaded:
            - Genbank_bacteria_all_2018_11_20_15_34_part1
        ===========================================
            
2020-01-31 10:03:24,946 INFO:  ðŸ¶ RefChef... getting reference: Genbank_bacteria_all_2018_11_20_15_34_part1, component: primary
2020-01-31 10:03:24,946 INFO: Running command "rsync -av --progress /gpfs/data/cbc/references/Genbank_bacteria_all_2018_11_20_15_34/bacteria_2018_11_20_15_34_concat_part1.fa  ."
2020-01-31 10:03:25,015 INFO: Running command "md5sum *.* > final_checksums.md5"
2020-01-31 10:04:40,428 INFO: References processed: ['spur31', 'cdubliniensis_cd36', 'broad_bundle_hg19', 'drosophila-melanogaster-bdgp6rel9', 'wbps8_ws256', 'grch37_release87', 'grcm38_p5', 'nt_db', 'nr_db', 'Escherichia_coli_K12', 'grch38_release98', 'saccer3', 'spur42', 'spur50', 'grcm38_p6', 'refseq_genomic', 'refseq_rna', 'refseq_protein', 'pr2_db', 'OM-RGC', 'silva_arbfiles', 'uniprot', 'rnor60', 'Genbank_bacteria_all_2018_11_20_15_34_part1']
2020-01-31 10:04:40,429 INFO: Location of references: /gpfs/data/shared/databases/refchef_refs
2020-01-31 10:04:42,223 INFO: 
           type                                         name             component                     organization                                  uuid
0    references                         Escherichia_coli_K12               primary                 ensembl bacteria  c87ee674-4ddc-3efe-a74e-dfe25da5d7b3
1       indices                         Escherichia_coli_K12             bwa_index                 ensembl bacteria  c87ee674-4ddc-3efe-a74e-dfe25da5d7b3
2       indices                         Escherichia_coli_K12         bowtie2_index                 ensembl bacteria  c87ee674-4ddc-3efe-a74e-dfe25da5d7b3
3       indices                         Escherichia_coli_K12  bedtools_genome_file                 ensembl bacteria  25a17cdf-ef06-36ed-b43e-b1b608a4bbba
4    references  Genbank_bacteria_all_2018_11_20_15_34_part1               primary                             NCBI  08e83e43-de61-3dfe-8b5e-cfb8fc81b3e7
5    references                                       OM-RGC               primary  http://ocean-microbiome.embl.de  32bac0eb-e182-3657-97e9-a24858f052f4
6    references                            broad_bundle_hg19               primary                  broad institute  b2588931-2b94-3d8b-9eab-c8fa153af515
7    references                           cdubliniensis_cd36               primary     http://www.candidagenome.org  3889615c-c609-377c-a49a-2376d7bb4ee1
8    references            drosophila-melanogaster-bdgp6rel9               primary                          ensembl  f00c482a-8550-31b9-89fb-803d4f9edbb5
9   annotations            drosophila-melanogaster-bdgp6rel9                   gtf                          ensembl  e3e260a5-87ff-36a1-8526-c73a9b03ec44
10      indices            drosophila-melanogaster-bdgp6rel9             bwa_index                          ensembl  6206259e-fe61-35a2-9773-6a491c17aa11
11      indices            drosophila-melanogaster-bdgp6rel9         bowtie2_index                          ensembl  6206259e-fe61-35a2-9773-6a491c17aa11
12      indices            drosophila-melanogaster-bdgp6rel9  bedtools_genome_file                          ensembl  6206259e-fe61-35a2-9773-6a491c17aa11
13   references                             grch37_release87               primary                          ensembl  ce1b1916-da1c-11e9-bf4d-40f2e9026674
14  annotations                             grch37_release87                   gtf                          ensembl  7c0adc0d-a657-3919-8b77-9bb294b7823c
15      indices                             grch37_release87         bowtie2_index                          ensembl  24b510d3-0a73-3211-98da-274317c2a032
16      indices                             grch37_release87             bwa_index                          ensembl  2161bca8-8c03-3b52-958a-a232158e2c71
17   references                             grch38_release98               primary                          ensembl  fd2286d4-e257-3225-94a7-cd773d331290
18      indices                             grch38_release98         bowtie2_index                          ensembl  ae68c4f8-8bec-30c6-8349-28be4036da24
19      indices                             grch38_release98             bwa_index                          ensembl  482c6e70-389e-3559-8c19-d86cac067060
20   references                                    grcm38_p5               primary                          ensembl  beed20fa-f897-35bf-808d-0c1ee6173274
21   references                                    grcm38_p5    cdna-transcriptome                          ensembl  54a37969-f245-3a78-aec3-d2c6034bbd27
22  annotations                                    grcm38_p5                   gtf                          ensembl  907f4f2a-000d-11ea-9a67-40f2e9026674
23      indices                                    grcm38_p5          salmon_index                          ensembl  482c6e70-389e-3559-8c19-d86cac067060
24      indices                                    grcm38_p5          salmon_index                          ensembl  482c6e70-389e-3559-8c19-d86cac067060
25      indices                                    grcm38_p5          salmon_index                          ensembl  482c6e70-389e-3559-8c19-d86cac067060
26   references                                    grcm38_p6               primary                          ensembl  beed20fa-f897-35bf-808d-0c1ee6173274
27   references                                        nr_db              blast_db                             ncbi  533942ec-8f84-35bc-b359-184a4f8660d6
28   references                                        nt_db              blast_db                             ncbi  255012ce-ea01-3596-b1b6-6e657c7a7dde
29   references                                       pr2_db                    db                              pr2  86588e9f-0590-3543-90e0-687869395879
30   references                               refseq_genomic              blast_db                           refseq  2215b7de-abf0-3b75-a246-517a5971b1e4
31   references                               refseq_protein              blast_db                           refseq  675542c3-a386-3f32-9bcf-fe814c40f3b7
32   references                                   refseq_rna              blast_db                           refseq  6b7fc33c-7fd4-301e-ada4-d036e1d0bfdd
33   references                                       rnor60               primary                          ensembl  6c55654e-1cf0-11ea-a829-40f2e9026674
34   references                                       rnor60               primary                          ensembl  beb90247-f594-34cf-ad25-fee40c44d4d1
35  annotations                                       rnor60                   gtf                          ensembl  0a53af32-88f6-31e2-912d-2dfb6d66c912
36  annotations                                       rnor60                  gff3                          ensembl  d9a57af3-210c-3c02-8964-6118fb91f4f0
37   references                                      saccer3               primary                          ensembl  2433f3a6-0a29-34bc-8868-2fb9609d4025
38  annotations                                      saccer3                   gtf                          ensembl  a8d15bf6-7a67-36b7-911d-4daf174f79af
39      indices                                      saccer3             bwa_index                          ensembl  91b325e3-aaa0-3d8f-af1e-79716e343bfe
40      indices                                      saccer3         bowtie2_index                          ensembl  e7428ca2-68e8-3356-90a8-e5016deea499
41      indices                                      saccer3  bedtools_genome_file                          ensembl  91b325e3-aaa0-3d8f-af1e-79716e343bfe
42   references                               silva_arbfiles             arb_files                     arb-silva.de  646321f7-4ab2-3421-9dfb-fe74c455fcc1
43   references                                       spur31               primary                  ensembl metazoa  cc303697-34ce-3cd1-b883-5d709a4f3e09
44  annotations                                       spur31                   gtf                  ensembl metazoa  6983397c-e268-31e2-bd0d-db7d47c589f9
45   references                                       spur42               primary                           refseq  8f31c081-25d0-3af9-90aa-bc012c0791a8
46   references                                       spur50               primary                           refseq  f3ba430e-6857-3919-8b81-17ff20e05557
47   references                                      uniprot               primary                      uniprot.org  36c1a962-d1e6-3852-a177-047435e79855
48   references                                  wbps8_ws256               primary                wormbase_parasite  27010656-d97a-11e9-9007-40f2e9026890
49   references                                  wbps8_ws256   cdna-trandscriptome                wormbase_parasite  2701712c-d97a-11e9-9007-40f2e9026890
