2020-12-11 17:41:10,349 INFO: 
        ===========================================
        REFCHEF 🐶
        -------------------------------------------
        - References will be downloaded to: /gpfs/data/shared/databases/refchef_refs
        - Remote repository for master.yaml compbiocore/cbc-references-refchef
        - Local repository for master.yaml /gpfs/data/shared/databases/cbc-references-refchef
        - Logs files: /gpfs/data/shared/databases/cbc-references-refchef/logs/
        -------------------------------------------
        
2020-12-11 17:41:10,350 DEBUG: parse kwarg method: 2 ...
2020-12-11 17:41:13,959 INFO: 
        No references to download.
                    
2020-12-11 17:41:13,959 INFO: 
        No references to download.
                    
2020-12-11 17:41:13,960 INFO: 
        No references to download.
                    
2020-12-11 17:41:13,960 INFO: 
        No references to download.
                    
2020-12-11 17:41:13,960 INFO: 
        No references to download.
                    
2020-12-11 17:41:13,960 INFO: 
        No references to download.
                    
2020-12-11 17:41:13,960 INFO: 
        No references to download.
                    
2020-12-11 17:41:13,960 INFO: 
        No references to download.
                    
2020-12-11 17:41:13,961 INFO: 
        No references to download.
                    
2020-12-11 17:41:13,961 INFO: 
        No references to download.
                    
2020-12-11 17:41:13,961 INFO: 
        No references to download.
                    
2020-12-11 17:41:13,961 INFO: 
        No references to download.
                    
2020-12-11 17:41:13,961 INFO: 
        No references to download.
                    
2020-12-11 17:41:13,961 INFO: 
        No references to download.
                    
2020-12-11 17:41:13,962 INFO: 
        No references to download.
                    
2020-12-11 17:41:13,962 INFO: 
        No references to download.
                    
2020-12-11 17:41:13,962 INFO: 
        No references to download.
                    
2020-12-11 17:41:13,962 INFO: 
        No references to download.
                    
2020-12-11 17:41:13,962 INFO: 
        No references to download.
                    
2020-12-11 17:41:13,962 INFO: 
        No references to download.
                    
2020-12-11 17:41:13,963 INFO: 
        No references to download.
                    
2020-12-11 17:41:13,963 INFO: 
        No references to download.
                    
2020-12-11 17:41:13,963 INFO: 
        No references to download.
                    
2020-12-11 17:41:13,963 INFO: 
        No references to download.
                    
2020-12-11 17:41:13,963 INFO: 
        No references to download.
                    
2020-12-11 17:41:13,963 INFO: 
        No references to download.
                    
2020-12-11 17:41:13,963 INFO: 
        No references to download.
                    
2020-12-11 17:41:13,964 INFO: 
        No references to download.
                    
2020-12-11 17:41:13,964 INFO: 
        No references to download.
                    
2020-12-11 17:41:13,964 INFO: 
        No references to download.
                    
2020-12-11 17:41:13,964 INFO: 
        No references to download.
                    
