2019-12-10 12:05:33,063 INFO: 
        ===========================================
        REFCHEF ðŸ¶
        -------------------------------------------
        - References will be downloaded to: /gpfs/data/shared/databases/refchef_refs
        - Remote repository for master.yaml compbiocore/cbc-references-refchef
        - Local repository for master.yaml /gpfs/data/shared/databases/cbc-references-refchef
        - Logs files: /gpfs/data/shared/databases/cbc-references-refchef/logs/
        -------------------------------------------
        
2019-12-10 12:05:33,063 DEBUG: parse kwarg method: 2 ...
2019-12-10 12:05:35,524 INFO: 
        No references to download.
                    
2019-12-10 12:05:35,524 INFO: 
        No references to download.
                    
2019-12-10 12:05:35,524 INFO: 
        No references to download.
                    
2019-12-10 12:05:35,524 INFO: 
        No references to download.
                    
2019-12-10 12:05:35,524 INFO: 
        No references to download.
                    
2019-12-10 12:05:35,524 INFO: 
        No references to download.
                    
2019-12-10 12:05:35,525 INFO: 
        No references to download.
                    
2019-12-10 12:05:35,525 INFO: 
        No references to download.
                    
2019-12-10 12:05:35,525 INFO: 
        No references to download.
                    
2019-12-10 12:05:35,525 INFO: 
        No references to download.
                    
2019-12-10 12:05:35,525 INFO: 
        No references to download.
                    
2019-12-10 12:05:35,525 INFO: 
        No references to download.
                    
2019-12-10 12:05:35,525 INFO: 
        No references to download.
                    
2019-12-10 12:05:35,525 INFO: 
        No references to download.
                    
2019-12-10 12:05:35,525 INFO: 
        No references to download.
                    
2019-12-10 12:05:35,525 INFO: 
        No references to download.
                    
2019-12-10 12:05:35,526 INFO: 
        No references to download.
                    
2019-12-10 12:05:35,526 INFO: 
        No references to download.
                    
2019-12-10 12:05:35,526 INFO: 
        No references to download.
                    
2019-12-10 12:05:35,526 INFO: 
        No references to download.
                    
2019-12-10 12:05:35,526 INFO: 
        No references to download.
                    
2019-12-10 12:05:35,526 INFO: 
        -------------------------------------------
        The folowing references will be downloaded:
            - silva_arbfiles
        ===========================================
            
2019-12-10 12:05:35,526 INFO: 
        -------------------------------------------
        The folowing references will be downloaded:
            - silva_arbfiles
        ===========================================
            
2019-12-10 12:05:35,526 INFO: 
        -------------------------------------------
        The folowing references will be downloaded:
            - silva_arbfiles
        ===========================================
            
2019-12-10 12:05:36,032 INFO:  ðŸ¶ RefChef... getting reference: silva_arbfiles, component: arb_files
2019-12-10 12:05:36,032 INFO: Running command "wget https://ftp.arb-silva.de/current/ARB_files/SILVA_*arb.gz"
2019-12-10 12:05:36,503 INFO: Running command "wget https://ftp.arb-silva.de/current/ARB_files/SILVA_*arb.gz.md5"
2019-12-10 12:05:36,957 INFO: Running command "md5sum *.* > post-download.md5"
2019-12-10 12:05:42,160 INFO: Running command "gunzip -c *.gz"
