2019-10-01 14:03:37,932 INFO: 
        ===========================================
        REFCHEF 🐶
        -------------------------------------------
        - References will be downloaded to: /gpfs/data/shared/databases/refchef_refs
        - Remote repository for master.yaml compbiocore/cbc-references-refchef
        - Local repository for master.yaml /gpfs/data/shared/databases/cbc-references-refchef
        - Logs files: /gpfs/data/shared/databases/cbc-references-refchef/logs/
        -------------------------------------------
        
2019-10-01 14:03:37,932 DEBUG: parse kwarg method: 2 ...
2019-10-01 14:03:39,929 INFO: 
        No references to download.
                    
2019-10-01 14:03:39,930 INFO: 
        No references to download.
                    
2019-10-01 14:03:39,930 INFO: 
        No references to download.
                    
2019-10-01 14:03:39,930 INFO: 
        No references to download.
                    
2019-10-01 14:03:39,930 INFO: 
        No references to download.
                    
2019-10-01 14:03:39,930 INFO: 
        No references to download.
                    
2019-10-01 14:03:39,930 INFO: 
        No references to download.
                    
2019-10-01 14:03:39,930 INFO: 
        No references to download.
                    
2019-10-01 14:03:39,930 INFO: 
        No references to download.
                    
2019-10-01 14:03:39,930 INFO: 
        No references to download.
                    
2019-10-01 14:03:39,931 INFO: 
        No references to download.
                    
2019-10-01 14:03:39,931 INFO: 
        No references to download.
                    
