2019-09-05 16:20:46,895 INFO: 
        ===========================================
        REFCHEF ðŸ¶
        -------------------------------------------
        - References will be downloaded to: /gpfs/data/shared/databases/refchef_refs
        - Remote repository for master.yaml compbiocore/cbc-references-refchef
        - Local repository for master.yaml /gpfs/data/shared/databases/cbc-references-refchef
        - Logs files: /gpfs/data/shared/databases/cbc-references-refchef/logs/
        -------------------------------------------
        
2019-09-05 16:20:46,896 DEBUG: parse kwarg method: 2 ...
2019-09-05 16:20:47,012 INFO: 
        No references to download.
                    
2019-09-05 16:20:47,012 INFO: 
        No references to download.
                    
2019-09-05 16:20:47,012 INFO: 
        No references to download.
                    
2019-09-05 16:20:47,012 INFO: 
        -------------------------------------------
        The folowing references will be downloaded:
            - drosophila-melanogaster.bdgp6rel9
        ===========================================
            
2019-09-05 16:20:47,049 INFO:  ðŸ¶ RefChef... getting reference: drosophila-melanogaster.bdgp6rel9, component: primary
2019-09-05 16:20:47,049 INFO: Running command "wget ftp://ftp.ensembl.org/pub/release-91/fasta/drosophila_melanogaster/dna/Drosophila_melanogaster.BDGP6.dna.toplevel.fa.gz"
2019-09-05 16:20:57,483 INFO: Running command "wget ftp://ftp.ensembl.org/pub/release-91/fasta/drosophila_melanogaster/dna/CHECKSUMS"
2019-09-05 16:20:59,056 INFO: Running command "grep "dna.toplevel" CHECKSUMS > checksum.ensembl"
2019-09-05 16:20:59,090 INFO: Running command "gunzip -c Drosophila_melanogaster.BDGP6.dna.toplevel.fa.gz > Drosophila_melanogaster.BDGP6.dna.toplevel.fa"
2019-09-05 16:21:00,450 INFO: Running command "sum Drosophila_melanogaster.BDGP6.dna.toplevel.fa.gz"
2019-09-05 16:21:00,550 INFO: Running command "md5sum Drosophila_melanogaster.BDGP6.dna.toplevel.fa.gz > checksum.md5"
2019-09-05 16:21:00,659 INFO: Running command "md5sum Drosophila_melanogaster.BDGP6.dna.toplevel.fa >> checksum.md5"
2019-09-05 16:21:01,000 INFO: Running command "mkdir Drosophila_melanogaster.BDGP6.rel91"
2019-09-05 16:21:01,012 INFO: Running command "md5sum *.* > final_checksums.md5"
2019-09-05 16:21:01,548 INFO: References processed: ['spur31', 'cdubliniensis_cd36', 'broad_bundle_hg19', 'drosophila-melanogaster.bdgp6rel9']
2019-09-05 16:21:01,549 INFO: Location of references: /gpfs/data/shared/databases/refchef_refs
2019-09-05 16:21:01,687 INFO: 
         type                name component                  organization                                  uuid
0  references   broad_bundle_hg19   primary               broad institute  b2588931-2b94-3d8b-9eab-c8fa153af515
1  references  cdubliniensis_cd36   primary  http://www.candidagenome.org  3889615c-c609-377c-a49a-2376d7bb4ee1
2  references              spur31   primary               ensembl metazoa  cc303697-34ce-3cd1-b883-5d709a4f3e09
