2020-12-18 11:53:04,111 INFO: 
        ===========================================
        REFCHEF 🐶
        -------------------------------------------
        - References will be downloaded to: /gpfs/data/shared/databases/refchef_refs
        - Remote repository for master.yaml compbiocore/cbc-references-refchef
        - Local repository for master.yaml /gpfs/data/shared/databases/cbc-references-refchef
        - Logs files: /gpfs/data/shared/databases/cbc-references-refchef/logs/
        -------------------------------------------
        
2020-12-18 11:53:04,111 DEBUG: parse kwarg method: 2 ...
2020-12-18 11:53:09,656 INFO: 
        No references to download.
                    
2020-12-18 11:53:09,656 INFO: 
        No references to download.
                    
2020-12-18 11:53:09,656 INFO: 
        No references to download.
                    
2020-12-18 11:53:09,656 INFO: 
        No references to download.
                    
2020-12-18 11:53:09,656 INFO: 
        No references to download.
                    
2020-12-18 11:53:09,656 INFO: 
        No references to download.
                    
2020-12-18 11:53:09,656 INFO: 
        No references to download.
                    
2020-12-18 11:53:09,656 INFO: 
        No references to download.
                    
2020-12-18 11:53:09,657 INFO: 
        No references to download.
                    
2020-12-18 11:53:09,657 INFO: 
        No references to download.
                    
2020-12-18 11:53:09,657 INFO: 
        No references to download.
                    
2020-12-18 11:53:09,657 INFO: 
        No references to download.
                    
2020-12-18 11:53:09,657 INFO: 
        No references to download.
                    
2020-12-18 11:53:09,657 INFO: 
        No references to download.
                    
2020-12-18 11:53:09,657 INFO: 
        No references to download.
                    
2020-12-18 11:53:09,657 INFO: 
        No references to download.
                    
2020-12-18 11:53:09,657 INFO: 
        No references to download.
                    
2020-12-18 11:53:09,657 INFO: 
        No references to download.
                    
2020-12-18 11:53:09,658 INFO: 
        No references to download.
                    
2020-12-18 11:53:09,658 INFO: 
        No references to download.
                    
2020-12-18 11:53:09,658 INFO: 
        No references to download.
                    
2020-12-18 11:53:09,658 INFO: 
        No references to download.
                    
2020-12-18 11:53:09,658 INFO: 
        No references to download.
                    
2020-12-18 11:53:09,658 INFO: 
        No references to download.
                    
2020-12-18 11:53:09,658 INFO: 
        No references to download.
                    
2020-12-18 11:53:09,658 INFO: 
        No references to download.
                    
2020-12-18 11:53:09,658 INFO: 
        No references to download.
                    
2020-12-18 11:53:09,658 INFO: 
        No references to download.
                    
2020-12-18 11:53:09,659 INFO: 
        No references to download.
                    
2020-12-18 11:53:09,659 INFO: 
        No references to download.
                    
2020-12-18 11:53:09,659 INFO: 
        No references to download.
                    
