2024-08-06 10:51:54,274 INFO: 
        ===========================================
        REFCHEF 🐶
        -------------------------------------------
        - References will be downloaded to: /oscar/data/shared/databases/refchef_refs
        - Remote repository for master.yaml compbiocore/cbc-references-refchef
        - Local repository for master.yaml /oscar/data/shared/databases/refchef_staging/cbc-references-refchef
        - Logs files: /oscar/data/shared/databases/refchef_staging/cbc-references-refchef/logs/
        -------------------------------------------
        
2024-08-06 10:51:54,274 DEBUG: parse kwarg method: 2 ...
2024-08-06 10:51:56,810 INFO: 
                No references to download.
                            
2024-08-06 10:51:56,810 INFO: 
                No references to download.
                            
2024-08-06 10:51:56,810 INFO: 
                No references to download.
                            
2024-08-06 10:51:56,810 INFO: 
                No references to download.
                            
2024-08-06 10:51:56,810 INFO: 
                No references to download.
                            
2024-08-06 10:51:56,810 INFO: 
                No references to download.
                            
2024-08-06 10:51:56,810 INFO: 
                No references to download.
                            
2024-08-06 10:51:56,810 INFO: 
                No references to download.
                            
2024-08-06 10:51:56,811 INFO: 
                No references to download.
                            
2024-08-06 10:51:56,811 INFO: 
                No references to download.
                            
2024-08-06 10:51:56,811 INFO: 
                No references to download.
                            
2024-08-06 10:51:56,811 INFO: 
                No references to download.
                            
2024-08-06 10:51:56,811 INFO: 
                No references to download.
                            
2024-08-06 10:51:56,811 INFO: 
                No references to download.
                            
2024-08-06 10:51:56,811 INFO: 
                No references to download.
                            
2024-08-06 10:51:56,811 INFO: 
                No references to download.
                            
2024-08-06 10:51:56,811 INFO: 
                No references to download.
                            
2024-08-06 10:51:56,811 INFO: 
                No references to download.
                            
2024-08-06 10:51:56,811 INFO: 
                No references to download.
                            
2024-08-06 10:51:56,811 INFO: 
                No references to download.
                            
2024-08-06 10:51:56,811 INFO: 
                No references to download.
                            
2024-08-06 10:51:56,811 INFO: 
                No references to download.
                            
2024-08-06 10:51:56,811 INFO: 
                No references to download.
                            
2024-08-06 10:51:56,811 INFO: 
                No references to download.
                            
2024-08-06 10:51:56,811 INFO: 
                No references to download.
                            
2024-08-06 10:51:56,811 INFO: 
                No references to download.
                            
2024-08-06 10:51:56,811 INFO: 
                No references to download.
                            
2024-08-06 10:51:56,811 INFO: 
                No references to download.
                            
2024-08-06 10:51:56,811 INFO: 
                No references to download.
                            
2024-08-06 10:51:56,811 INFO: 
                No references to download.
                            
2024-08-06 10:51:56,811 INFO: 
                No references to download.
                            
2024-08-06 10:51:56,811 INFO: 
                No references to download.
                            
2024-08-06 10:51:56,811 INFO: 
                No references to download.
                            
2024-08-06 10:51:56,811 INFO: 
                No references to download.
                            
2024-08-06 10:51:56,811 INFO: 
                No references to download.
                            
2024-08-06 10:51:56,811 INFO: 
                No references to download.
                            
2024-08-06 10:51:56,811 INFO: 
                No references to download.
                            
2024-08-06 10:51:56,811 INFO: 
                No references to download.
                            
2024-08-06 10:51:56,811 INFO: 
                No references to download.
                            
2024-08-06 10:51:56,811 INFO: 
                No references to download.
                            
2024-08-06 10:51:56,811 INFO: 
                No references to download.
                            
2024-08-06 10:51:56,811 INFO: 
                No references to download.
                            
2024-08-06 10:51:56,811 INFO: 
                No references to download.
                            
2024-08-06 10:51:56,811 INFO: 
                No references to download.
                            
2024-08-06 10:51:56,811 INFO: 
                No references to download.
                            
2024-08-06 10:51:56,811 INFO: 
                No references to download.
                            
2024-08-06 10:51:56,811 INFO: 
                No references to download.
                            
2024-08-06 10:51:56,811 INFO: 
                No references to download.
                            
2024-08-06 10:51:56,811 INFO: 
                No references to download.
                            
2024-08-06 10:51:56,811 INFO: 
                No references to download.
                            
2024-08-06 10:51:56,812 INFO: 
                No references to download.
                            
2024-08-06 10:51:56,812 INFO: 
                No references to download.
                            
2024-08-06 10:51:56,812 INFO: 
                No references to download.
                            
2024-08-06 10:51:56,812 INFO: 
                No references to download.
                            
2024-08-06 10:51:56,812 INFO: 
                No references to download.
                            
2024-08-06 10:51:56,812 INFO: 
                No references to download.
                            
2024-08-06 10:51:56,812 INFO: 
                No references to download.
                            
2024-08-06 10:51:56,812 INFO: 
                No references to download.
                            
2024-08-06 10:51:56,812 INFO: 
                No references to download.
                            
2024-08-06 10:51:56,812 INFO: 
                No references to download.
                            
2024-08-06 10:51:56,812 INFO: 
                No references to download.
                            
2024-08-06 10:51:56,812 INFO: 
                No references to download.
                            
2024-08-06 10:51:56,812 INFO: 
                No references to download.
                            
2024-08-06 10:51:56,812 INFO: 
                No references to download.
                            
2024-08-06 10:51:56,812 INFO: 
                No references to download.
                            
2024-08-06 10:51:56,812 INFO: 
                No references to download.
                            
2024-08-06 10:51:57,260 INFO: References processed: ['spur31', 'cdubliniensis_cd36', 'broad_bundle_hg19', 'drosophila-melanogaster-bdgp6rel9', 'wbps8_ws256', 'grch37_release87', 'grcm38_p5', 'nt_db', 'nr_db', 'Escherichia_coli_K12', 'grch38_release98', 'saccer3', 'spur42', 'spur50', 'grcm38_p6', 'refseq_genomic', 'refseq_rna', 'refseq_protein', 'pr2_db', 'OM-RGC', 'silva_arbfiles', 'uniprot', 'rnor60', 'Genbank_UniVec_2018_11_28', 'Genbank_bacteria_all_2018_11_20_15_34_part1', 'Genbank_bacteria_all_2018_11_20_15_34_part2', 'Genbank_bacteria_all_2018_11_20_15_34_part3', 'cellranger_mm10', 'S_scrofa', 'alphafold_data', 'interproscan_5-66-98-0']
2024-08-06 10:51:57,261 INFO: Location of references: /oscar/data/shared/databases/refchef_refs
