2019-09-18 15:11:23,902 INFO: 
        ===========================================
        REFCHEF ðŸ¶
        -------------------------------------------
        - References will be downloaded to: /gpfs/data/shared/databases/refchef_refs
        - Remote repository for master.yaml compbiocore/cbc-references-refchef
        - Local repository for master.yaml /gpfs/data/shared/databases/cbc-references-refchef
        - Logs files: /gpfs/data/shared/databases/cbc-references-refchef/logs/
        -------------------------------------------
        
2019-09-18 15:11:23,902 DEBUG: parse kwarg method: 2 ...
2019-09-18 15:11:24,148 INFO: 
        No references to download.
                    
2019-09-18 15:11:24,148 INFO: 
        No references to download.
                    
2019-09-18 15:11:24,148 INFO: 
        No references to download.
                    
2019-09-18 15:11:24,148 INFO: 
        No references to download.
                    
2019-09-18 15:11:24,148 INFO: 
        No references to download.
                    
2019-09-18 15:11:24,148 INFO: 
        No references to download.
                    
2019-09-18 15:11:24,149 INFO: 
        No references to download.
                    
2019-09-18 15:11:24,149 INFO: 
        No references to download.
                    
2019-09-18 15:11:24,149 INFO: 
        No references to download.
                    
2019-09-18 15:11:24,230 INFO:  ðŸ¶ RefChef... getting annotation: grch37_release87, component: gtf
2019-09-18 15:11:24,230 INFO: Running command "wget ftp://ftp.ensembl.org/pub/grch37/release-87/gtf/homo_sapiens/Homo_sapiens.GRCh37.87.gtf.gz"
2019-09-18 15:11:30,492 INFO: Running command "wget ftp://ftp.ensembl.org/pub/grch37/release-87/gtf/homo_sapiens/CHECKSUMS"
2019-09-18 15:11:32,731 INFO: Running command "gunzip -c Homo_sapiens.GRCh37.87.gtf.gz > Homo_sapiens.GRCh37.87.gtf"
2019-09-18 15:11:37,631 INFO: Running command "md5sum *.* > final_checksums.md5"
2019-09-18 15:11:40,419 INFO: References processed: ['spur31', 'cdubliniensis_cd36', 'broad_bundle_hg19', 'drosophila-melanogaster-bdgp6rel9', 'wbps8_ws256', 'grch37_release87', 'grcm38_p5']
2019-09-18 15:11:40,420 INFO: Location of references: /gpfs/data/shared/databases/refchef_refs
2019-09-18 15:11:40,657 INFO: 
           type                               name            component                  organization                                  uuid
0    references                  broad_bundle_hg19              primary               broad institute  b2588931-2b94-3d8b-9eab-c8fa153af515
1    references                 cdubliniensis_cd36              primary  http://www.candidagenome.org  3889615c-c609-377c-a49a-2376d7bb4ee1
2    references  drosophila-melanogaster-bdgp6rel9              primary                       ensembl  f00c482a-8550-31b9-89fb-803d4f9edbb5
3   annotations  drosophila-melanogaster-bdgp6rel9                  gtf                       ensembl  e3e260a5-87ff-36a1-8526-c73a9b03ec44
4    references                   grch37_release87              primary                       ensembl  ce1b1916-da1c-11e9-bf4d-40f2e9026674
5   annotations                   grch37_release87                  gtf                       ensembl  7c0adc0d-a657-3919-8b77-9bb294b7823c
6    references                          grcm38_p5              primary                       ensembl  f7c2173c-da2c-11e9-9ae5-40f2e9026674
7    references                          grcm38_p5   cdna-transcriptome                       ensembl  f7c26c64-da2c-11e9-9ae5-40f2e9026674
8    references                             spur31              primary               ensembl metazoa  cc303697-34ce-3cd1-b883-5d709a4f3e09
9   annotations                             spur31                  gtf               ensembl metazoa  6983397c-e268-31e2-bd0d-db7d47c589f9
10   references                        wbps8_ws256              primary             wormbase_parasite  27010656-d97a-11e9-9007-40f2e9026890
11   references                        wbps8_ws256  cdna-trandscriptome             wormbase_parasite  2701712c-d97a-11e9-9007-40f2e9026890
