2019-10-01 14:56:41,047 INFO: 
        ===========================================
        REFCHEF ðŸ¶
        -------------------------------------------
        - References will be downloaded to: /gpfs/data/shared/databases/refchef_refs
        - Remote repository for master.yaml compbiocore/cbc-references-refchef
        - Local repository for master.yaml /gpfs/data/shared/databases/cbc-references-refchef
        - Logs files: /gpfs/data/shared/databases/cbc-references-refchef/logs/
        -------------------------------------------
        
2019-10-01 14:56:41,047 DEBUG: parse kwarg method: 2 ...
2019-10-01 14:56:43,064 INFO: 
        No references to download.
                    
2019-10-01 14:56:43,064 INFO: 
        No references to download.
                    
2019-10-01 14:56:43,064 INFO: 
        No references to download.
                    
2019-10-01 14:56:43,064 INFO: 
        No references to download.
                    
2019-10-01 14:56:43,064 INFO: 
        No references to download.
                    
2019-10-01 14:56:43,064 INFO: 
        No references to download.
                    
2019-10-01 14:56:43,065 INFO: 
        No references to download.
                    
2019-10-01 14:56:43,065 INFO: 
        No references to download.
                    
2019-10-01 14:56:43,065 INFO: 
        No references to download.
                    
2019-10-01 14:56:43,065 INFO: 
        No references to download.
                    
2019-10-01 14:56:43,065 INFO: 
        No references to download.
                    
2019-10-01 14:56:43,065 INFO: 
        No references to download.
                    
2019-10-01 14:56:43,065 INFO: 
        No references to download.
                    
2019-10-01 14:56:43,434 INFO:  ðŸ¶ RefChef... getting index: Escherichia_coli_K12, component: bwa_index
2019-10-01 14:56:43,434 INFO: Running command "ln -s /gpfs/data/shared/databases/refchef_refs/Escherichia_coli_K12/primary/Escherichia_coli_k_12.ASM80076v1.dna.toplevel.fa /gpfs/data/shared/databases/refchef_refs/Escherichia_coli_K12/bwa_index/Escherichia_coli_k_12.ASM80076v1.dna.toplevel.fa"
2019-10-01 14:56:43,444 INFO: Running command "cd /gpfs/data/shared/databases/refchef_refs/Escherichia_coli_K12/bwa_index"
2019-10-01 14:56:43,451 INFO: Running command "bwa index Escherichia_coli_k_12.ASM80076v1.dna.toplevel.fa"
2019-10-01 14:56:45,608 INFO: Running command "md5 *.* > final_checksums.md5"
2019-10-01 14:56:45,715 INFO:  ðŸ¶ RefChef... getting index: Escherichia_coli_K12, component: bowtie2_index
2019-10-01 14:56:45,715 INFO: Running command "ln -s /gpfs/data/shared/databases/refchef_refs/Escherichia_coli_K12/primary/Escherichia_coli_k_12.ASM80076v1.dna.toplevel.fa /gpfs/data/shared/databases/refchef_refs/Escherichia_coli_K12/bowtie2_index/Escherichia_coli_k_12.ASM80076v1.dna.toplevel.fa"
2019-10-01 14:56:45,724 INFO: Running command "cd /gpfs/data/shared/databases/refchef_refs/Escherichia_coli_K12/bowtie2_index"
2019-10-01 14:56:45,730 INFO: Running command "bowtie2-build Escherichia_coli_k_12.ASM80076v1.dna.toplevel.fa Escherichia_coli_k12"
2019-10-01 14:56:48,491 INFO: Running command "md5 *.* > final_checksums.md5"
2019-10-01 14:56:48,533 INFO: References processed: ['spur31', 'cdubliniensis_cd36', 'broad_bundle_hg19', 'drosophila-melanogaster-bdgp6rel9', 'wbps8_ws256', 'grch37_release87', 'grcm38_p5', 'nt_db', 'nr_db', 'Genbank_UniVec_2018_11_28', 'Escherichia_coli_K12']
2019-10-01 14:56:48,533 INFO: Location of references: /gpfs/data/shared/databases/refchef_refs
2019-10-01 14:56:49,278 INFO: 
           type                               name            component                  organization                                  uuid
0    references               Escherichia_coli_K12              primary              ensembl bacteria  c87ee674-4ddc-3efe-a74e-dfe25da5d7b3
1       indices               Escherichia_coli_K12            bwa_index              ensembl bacteria  c87ee674-4ddc-3efe-a74e-dfe25da5d7b3
2       indices               Escherichia_coli_K12        bowtie2_index              ensembl bacteria  c87ee674-4ddc-3efe-a74e-dfe25da5d7b3
3    references          Genbank_UniVec_2018_11_28              primary                          ncbi  f7b4c5ec-e133-11e9-bab2-40f2e9026674
4    references                  broad_bundle_hg19              primary               broad institute  b2588931-2b94-3d8b-9eab-c8fa153af515
5    references                 cdubliniensis_cd36              primary  http://www.candidagenome.org  3889615c-c609-377c-a49a-2376d7bb4ee1
6    references  drosophila-melanogaster-bdgp6rel9              primary                       ensembl  f00c482a-8550-31b9-89fb-803d4f9edbb5
7   annotations  drosophila-melanogaster-bdgp6rel9                  gtf                       ensembl  e3e260a5-87ff-36a1-8526-c73a9b03ec44
8       indices  drosophila-melanogaster-bdgp6rel9            bwa_index                       ensembl  6206259e-fe61-35a2-9773-6a491c17aa11
9    references                   grch37_release87              primary                       ensembl  ce1b1916-da1c-11e9-bf4d-40f2e9026674
10  annotations                   grch37_release87                  gtf                       ensembl  7c0adc0d-a657-3919-8b77-9bb294b7823c
11   references                          grcm38_p5              primary                       ensembl  f7c2173c-da2c-11e9-9ae5-40f2e9026674
12   references                          grcm38_p5   cdna-transcriptome                       ensembl  f7c26c64-da2c-11e9-9ae5-40f2e9026674
13  annotations                          grcm38_p5                  gtf                       ensembl  71964abc-da49-11e9-a511-40f2e9026674
14   references                              nr_db             blast_db                          ncbi  533942ec-8f84-35bc-b359-184a4f8660d6
15   references                              nt_db             blast_db                          ncbi  255012ce-ea01-3596-b1b6-6e657c7a7dde
16   references                             spur31              primary               ensembl metazoa  cc303697-34ce-3cd1-b883-5d709a4f3e09
17  annotations                             spur31                  gtf               ensembl metazoa  6983397c-e268-31e2-bd0d-db7d47c589f9
18   references                        wbps8_ws256              primary             wormbase_parasite  27010656-d97a-11e9-9007-40f2e9026890
19   references                        wbps8_ws256  cdna-trandscriptome             wormbase_parasite  2701712c-d97a-11e9-9007-40f2e9026890
