2021-07-15 13:00:04,237 INFO: 
        ===========================================
        REFCHEF 🐶
        -------------------------------------------
        - References will be downloaded to: /gpfs/data/shared/databases/refchef_refs
        - Remote repository for master.yaml compbiocore/cbc-references-refchef
        - Local repository for master.yaml /gpfs/data/shared/databases/cbc-references-refchef
        - Logs files: /gpfs/data/shared/databases/cbc-references-refchef/logs/
        -------------------------------------------
        
2021-07-15 13:00:04,237 DEBUG: parse kwarg method: 2 ...
2021-07-15 13:00:09,572 INFO: 
        No references to download.
                    
2021-07-15 13:00:09,572 INFO: 
        No references to download.
                    
2021-07-15 13:00:09,572 INFO: 
        No references to download.
                    
2021-07-15 13:00:09,573 INFO: 
        No references to download.
                    
2021-07-15 13:00:09,573 INFO: 
        No references to download.
                    
2021-07-15 13:00:09,573 INFO: 
        No references to download.
                    
2021-07-15 13:00:09,573 INFO: 
        No references to download.
                    
2021-07-15 13:00:09,573 INFO: 
        No references to download.
                    
2021-07-15 13:00:09,573 INFO: 
        No references to download.
                    
2021-07-15 13:00:09,573 INFO: 
        No references to download.
                    
2021-07-15 13:00:09,573 INFO: 
        No references to download.
                    
2021-07-15 13:00:09,573 INFO: 
        No references to download.
                    
2021-07-15 13:00:09,573 INFO: 
        No references to download.
                    
2021-07-15 13:00:09,573 INFO: 
        No references to download.
                    
2021-07-15 13:00:09,573 INFO: 
        No references to download.
                    
2021-07-15 13:00:09,574 INFO: 
        No references to download.
                    
2021-07-15 13:00:09,574 INFO: 
        No references to download.
                    
2021-07-15 13:00:09,574 INFO: 
        No references to download.
                    
2021-07-15 13:00:09,574 INFO: 
        No references to download.
                    
2021-07-15 13:00:09,574 INFO: 
        No references to download.
                    
2021-07-15 13:00:09,574 INFO: 
        No references to download.
                    
2021-07-15 13:00:09,574 INFO: 
        No references to download.
                    
2021-07-15 13:00:09,574 INFO: 
        No references to download.
                    
2021-07-15 13:00:09,574 INFO: 
        No references to download.
                    
2021-07-15 13:00:09,574 INFO: 
        No references to download.
                    
2021-07-15 13:00:09,574 INFO: 
        No references to download.
                    
2021-07-15 13:00:09,574 INFO: 
        No references to download.
                    
2021-07-15 13:00:09,575 INFO: 
        No references to download.
                    
2021-07-15 13:00:09,575 INFO: 
        No references to download.
                    
2021-07-15 13:00:09,575 INFO: 
        No references to download.
                    
2021-07-15 13:00:09,575 INFO: 
        No references to download.
                    
2021-07-15 13:00:09,575 INFO: 
        No references to download.
                    
2021-07-15 13:00:09,575 INFO: 
        No references to download.
                    
