2020-12-11 17:01:15,252 INFO: 
        ===========================================
        REFCHEF 🐶
        -------------------------------------------
        - References will be downloaded to: /gpfs/data/shared/databases/refchef_refs
        - Remote repository for master.yaml compbiocore/cbc-references-refchef
        - Local repository for master.yaml /gpfs/data/shared/databases/cbc-references-refchef
        - Logs files: /gpfs/data/shared/databases/cbc-references-refchef/logs/
        -------------------------------------------
        
2020-12-11 17:01:15,252 DEBUG: parse kwarg method: 2 ...
2020-12-11 17:01:20,673 INFO: 
        No references to download.
                    
2020-12-11 17:01:20,673 INFO: 
        No references to download.
                    
2020-12-11 17:01:20,673 INFO: 
        No references to download.
                    
2020-12-11 17:01:20,673 INFO: 
        No references to download.
                    
2020-12-11 17:01:20,673 INFO: 
        No references to download.
                    
2020-12-11 17:01:20,673 INFO: 
        No references to download.
                    
2020-12-11 17:01:20,673 INFO: 
        No references to download.
                    
2020-12-11 17:01:20,673 INFO: 
        No references to download.
                    
2020-12-11 17:01:20,673 INFO: 
        No references to download.
                    
2020-12-11 17:01:20,674 INFO: 
        No references to download.
                    
2020-12-11 17:01:20,674 INFO: 
        No references to download.
                    
2020-12-11 17:01:20,674 INFO: 
        No references to download.
                    
2020-12-11 17:01:20,674 INFO: 
        No references to download.
                    
2020-12-11 17:01:20,674 INFO: 
        No references to download.
                    
2020-12-11 17:01:20,674 INFO: 
        No references to download.
                    
2020-12-11 17:01:20,674 INFO: 
        No references to download.
                    
2020-12-11 17:01:20,674 INFO: 
        No references to download.
                    
2020-12-11 17:01:20,674 INFO: 
        No references to download.
                    
2020-12-11 17:01:20,674 INFO: 
        No references to download.
                    
2020-12-11 17:01:20,674 INFO: 
        No references to download.
                    
2020-12-11 17:01:20,675 INFO: 
        No references to download.
                    
2020-12-11 17:01:20,675 INFO: 
        No references to download.
                    
2020-12-11 17:01:20,675 INFO: 
        No references to download.
                    
2020-12-11 17:01:20,675 INFO: 
        No references to download.
                    
2020-12-11 17:01:20,675 INFO: 
        No references to download.
                    
2020-12-11 17:01:20,675 INFO: 
        No references to download.
                    
2020-12-11 17:01:20,675 INFO: 
        No references to download.
                    
2020-12-11 17:01:20,675 INFO: 
        No references to download.
                    
2020-12-11 17:01:20,675 INFO: 
        No references to download.
                    
2020-12-11 17:01:20,675 INFO: 
        No references to download.
                    
2020-12-11 17:01:20,675 INFO: 
        No references to download.
                    
