2019-11-04 14:19:08,333 INFO: 
        ===========================================
        REFCHEF ðŸ¶
        -------------------------------------------
        - References will be downloaded to: /gpfs/data/shared/databases/refchef_refs
        - Remote repository for master.yaml compbiocore/cbc-references-refchef
        - Local repository for master.yaml /gpfs/data/shared/databases/cbc-references-refchef
        - Logs files: /gpfs/data/shared/databases/cbc-references-refchef/logs/
        -------------------------------------------
        
2019-11-04 14:19:08,334 DEBUG: parse kwarg method: 2 ...
2019-11-04 14:19:09,748 INFO: 
        No references to download.
                    
2019-11-04 14:19:09,748 INFO: 
        No references to download.
                    
2019-11-04 14:19:09,748 INFO: 
        No references to download.
                    
2019-11-04 14:19:09,748 INFO: 
        No references to download.
                    
2019-11-04 14:19:09,748 INFO: 
        No references to download.
                    
2019-11-04 14:19:09,748 INFO: 
        No references to download.
                    
2019-11-04 14:19:09,748 INFO: 
        No references to download.
                    
2019-11-04 14:19:09,748 INFO: 
        No references to download.
                    
2019-11-04 14:19:09,748 INFO: 
        No references to download.
                    
2019-11-04 14:19:09,748 INFO: 
        -------------------------------------------
        The folowing references will be downloaded:
            - grcm38_p5
        ===========================================
            
2019-11-04 14:19:09,748 INFO: 
        -------------------------------------------
        The folowing references will be downloaded:
            - grcm38_p5
        ===========================================
            
2019-11-04 14:19:09,749 INFO: 
        No references to download.
                    
2019-11-04 14:19:09,749 INFO: 
        No references to download.
                    
2019-11-04 14:19:09,749 INFO: 
        No references to download.
                    
2019-11-04 14:19:09,986 INFO:  ðŸ¶ RefChef... getting reference: grcm38_p5, component: primary
2019-11-04 14:19:09,986 INFO: Running command "wget ftp://ftp.ensembl.org/pub/release-89/fasta/mus_musculus/dna/Mus_musculus.GRCm38.dna.primary_assembly.fa.gz"
2019-11-04 14:31:38,430 INFO: Running command "md5sum *.* > post_download.md5"
2019-11-04 14:31:40,953 INFO: Running command "gunzip -c Mus_musculus.GRCm38.dna.primary_assembly.fa.gz > Mus_musculus.GRCm38.dna.primary_assembly.fa"
2019-11-04 14:31:42,996 INFO: Running command "md5sum *.* > final_checksums.md5"
2019-11-04 14:31:45,139 INFO:  ðŸ¶ RefChef... getting reference: grcm38_p5, component: primary
2019-11-04 14:31:45,140 INFO: Running command "wget ftp://ftp.ensembl.org/pub/release-89/fasta/mus_musculus/dna/Mus_musculus.GRCm38.dna.primary_assembly.fa.gz"
2019-11-04 14:38:56,577 INFO: Running command "md5sum *.* > post_download.md5"
2019-11-04 14:39:02,346 INFO: Running command "gunzip -c Mus_musculus.GRCm38.dna.primary_assembly.fa.gz > Mus_musculus.GRCm38.dna.primary_assembly.fa"
2019-11-04 14:39:04,524 INFO: Running command "md5sum *.* > final_checksums.md5"
2019-11-04 14:39:08,917 INFO: References processed: ['spur31', 'cdubliniensis_cd36', 'broad_bundle_hg19', 'drosophila-melanogaster-bdgp6rel9', 'wbps8_ws256', 'grch37_release87', 'grcm38_p5', 'nt_db', 'nr_db', 'Escherichia_coli_K12']
2019-11-04 14:39:08,917 INFO: Location of references: /gpfs/data/shared/databases/refchef_refs
2019-11-04 14:39:09,369 INFO: 
           type                               name  ...                  organization                                  uuid
0    references               Escherichia_coli_K12  ...              ensembl bacteria  c87ee674-4ddc-3efe-a74e-dfe25da5d7b3
1       indices               Escherichia_coli_K12  ...              ensembl bacteria  c87ee674-4ddc-3efe-a74e-dfe25da5d7b3
2    references                  broad_bundle_hg19  ...               broad institute  b2588931-2b94-3d8b-9eab-c8fa153af515
3    references                 cdubliniensis_cd36  ...  http://www.candidagenome.org  3889615c-c609-377c-a49a-2376d7bb4ee1
4    references  drosophila-melanogaster-bdgp6rel9  ...                       ensembl  f00c482a-8550-31b9-89fb-803d4f9edbb5
5   annotations  drosophila-melanogaster-bdgp6rel9  ...                       ensembl  e3e260a5-87ff-36a1-8526-c73a9b03ec44
6       indices  drosophila-melanogaster-bdgp6rel9  ...                       ensembl  6206259e-fe61-35a2-9773-6a491c17aa11
7       indices  drosophila-melanogaster-bdgp6rel9  ...                       ensembl  6206259e-fe61-35a2-9773-6a491c17aa11
8    references                   grch37_release87  ...                       ensembl  ce1b1916-da1c-11e9-bf4d-40f2e9026674
9   annotations                   grch37_release87  ...                       ensembl  7c0adc0d-a657-3919-8b77-9bb294b7823c
10   references                          grcm38_p5  ...                       ensembl  f7c2173c-da2c-11e9-9ae5-40f2e9026674
11   references                          grcm38_p5  ...                       ensembl  f7c26c64-da2c-11e9-9ae5-40f2e9026674
12   references                          grcm38_p5  ...                       ensembl  25e81966-ed22-3968-a4ce-b8226bac8f91
13   references                          grcm38_p5  ...                       ensembl  482c6e70-389e-3559-8c19-d86cac067060
14  annotations                          grcm38_p5  ...                       ensembl  71964abc-da49-11e9-a511-40f2e9026674
15   references                              nr_db  ...                          ncbi  533942ec-8f84-35bc-b359-184a4f8660d6
16   references                              nt_db  ...                          ncbi  255012ce-ea01-3596-b1b6-6e657c7a7dde
17   references                             spur31  ...               ensembl metazoa  cc303697-34ce-3cd1-b883-5d709a4f3e09
18  annotations                             spur31  ...               ensembl metazoa  6983397c-e268-31e2-bd0d-db7d47c589f9
19   references                        wbps8_ws256  ...             wormbase_parasite  27010656-d97a-11e9-9007-40f2e9026890
20   references                        wbps8_ws256  ...             wormbase_parasite  2701712c-d97a-11e9-9007-40f2e9026890

[21 rows x 5 columns]
