2019-10-25 08:27:36,024 INFO: 
        ===========================================
        REFCHEF 🐶
        -------------------------------------------
        - References will be downloaded to: /gpfs/data/shared/databases/refchef_refs
        - Remote repository for master.yaml compbiocore/cbc-references-refchef
        - Local repository for master.yaml /gpfs/data/shared/databases/cbc-references-refchef
        - Logs files: /gpfs/data/shared/databases/cbc-references-refchef/logs/
        -------------------------------------------
        
2019-10-25 08:27:36,024 DEBUG: parse kwarg method: 2 ...
2019-10-25 08:27:38,140 INFO: 
        No references to download.
                    
2019-10-25 08:27:38,141 INFO: 
        No references to download.
                    
2019-10-25 08:27:38,141 INFO: 
        No references to download.
                    
2019-10-25 08:27:38,141 INFO: 
        No references to download.
                    
2019-10-25 08:27:38,141 INFO: 
        No references to download.
                    
2019-10-25 08:27:38,141 INFO: 
        No references to download.
                    
2019-10-25 08:27:38,141 INFO: 
        No references to download.
                    
2019-10-25 08:27:38,141 INFO: 
        No references to download.
                    
2019-10-25 08:27:38,141 INFO: 
        No references to download.
                    
2019-10-25 08:27:38,142 INFO: 
        No references to download.
                    
2019-10-25 08:27:38,142 INFO: 
        No references to download.
                    
2019-10-25 08:27:38,142 INFO: 
        No references to download.
                    
2019-10-25 08:27:38,142 INFO: 
        -------------------------------------------
        The folowing references will be downloaded:
            - S_cerevisiae
        ===========================================
            
