2020-12-11 16:37:54,796 INFO: 
        ===========================================
        REFCHEF 🐶
        -------------------------------------------
        - References will be downloaded to: /gpfs/data/shared/databases/refchef_refs
        - Remote repository for master.yaml compbiocore/cbc-references-refchef
        - Local repository for master.yaml /gpfs/data/shared/databases/cbc-references-refchef
        - Logs files: /gpfs/data/shared/databases/cbc-references-refchef/logs/
        -------------------------------------------
        
2020-12-11 16:37:54,796 DEBUG: parse kwarg method: 2 ...
2020-12-11 16:38:00,297 INFO: 
        No references to download.
                    
2020-12-11 16:38:00,297 INFO: 
        No references to download.
                    
2020-12-11 16:38:00,297 INFO: 
        No references to download.
                    
2020-12-11 16:38:00,297 INFO: 
        No references to download.
                    
2020-12-11 16:38:00,298 INFO: 
        No references to download.
                    
2020-12-11 16:38:00,298 INFO: 
        No references to download.
                    
2020-12-11 16:38:00,298 INFO: 
        No references to download.
                    
2020-12-11 16:38:00,298 INFO: 
        No references to download.
                    
2020-12-11 16:38:00,298 INFO: 
        No references to download.
                    
2020-12-11 16:38:00,298 INFO: 
        No references to download.
                    
2020-12-11 16:38:00,298 INFO: 
        No references to download.
                    
2020-12-11 16:38:00,298 INFO: 
        No references to download.
                    
2020-12-11 16:38:00,298 INFO: 
        No references to download.
                    
2020-12-11 16:38:00,298 INFO: 
        No references to download.
                    
2020-12-11 16:38:00,299 INFO: 
        No references to download.
                    
2020-12-11 16:38:00,299 INFO: 
        No references to download.
                    
2020-12-11 16:38:00,299 INFO: 
        No references to download.
                    
2020-12-11 16:38:00,299 INFO: 
        No references to download.
                    
2020-12-11 16:38:00,299 INFO: 
        No references to download.
                    
2020-12-11 16:38:00,299 INFO: 
        No references to download.
                    
2020-12-11 16:38:00,299 INFO: 
        No references to download.
                    
2020-12-11 16:38:00,299 INFO: 
        No references to download.
                    
2020-12-11 16:38:00,299 INFO: 
        No references to download.
                    
2020-12-11 16:38:00,299 INFO: 
        No references to download.
                    
2020-12-11 16:38:00,299 INFO: 
        No references to download.
                    
2020-12-11 16:38:00,300 INFO: 
        No references to download.
                    
2020-12-11 16:38:00,300 INFO: 
        No references to download.
                    
2020-12-11 16:38:00,300 INFO: 
        No references to download.
                    
2020-12-11 16:38:00,300 INFO: 
        No references to download.
                    
2020-12-11 16:38:00,300 INFO: 
        No references to download.
                    
2020-12-11 16:38:00,300 INFO: 
        No references to download.
                    
