2020-12-11 16:19:37,505 INFO: 
        ===========================================
        REFCHEF 🐶
        -------------------------------------------
        - References will be downloaded to: /gpfs/data/shared/databases/refchef_refs
        - Remote repository for master.yaml compbiocore/cbc-references-refchef
        - Local repository for master.yaml /gpfs/data/shared/databases/cbc-references-refchef
        - Logs files: /gpfs/data/shared/databases/cbc-references-refchef/logs/
        -------------------------------------------
        
2020-12-11 16:19:37,505 DEBUG: parse kwarg method: 2 ...
2020-12-11 16:19:42,978 INFO: 
        No references to download.
                    
2020-12-11 16:19:42,978 INFO: 
        No references to download.
                    
2020-12-11 16:19:42,978 INFO: 
        No references to download.
                    
2020-12-11 16:19:42,978 INFO: 
        No references to download.
                    
2020-12-11 16:19:42,978 INFO: 
        No references to download.
                    
2020-12-11 16:19:42,978 INFO: 
        No references to download.
                    
2020-12-11 16:19:42,978 INFO: 
        No references to download.
                    
2020-12-11 16:19:42,978 INFO: 
        No references to download.
                    
2020-12-11 16:19:42,978 INFO: 
        No references to download.
                    
2020-12-11 16:19:42,979 INFO: 
        No references to download.
                    
2020-12-11 16:19:42,979 INFO: 
        No references to download.
                    
2020-12-11 16:19:42,979 INFO: 
        No references to download.
                    
2020-12-11 16:19:42,979 INFO: 
        No references to download.
                    
2020-12-11 16:19:42,979 INFO: 
        No references to download.
                    
2020-12-11 16:19:42,979 INFO: 
        No references to download.
                    
2020-12-11 16:19:42,979 INFO: 
        No references to download.
                    
2020-12-11 16:19:42,979 INFO: 
        No references to download.
                    
2020-12-11 16:19:42,979 INFO: 
        No references to download.
                    
2020-12-11 16:19:42,979 INFO: 
        No references to download.
                    
2020-12-11 16:19:42,979 INFO: 
        No references to download.
                    
2020-12-11 16:19:42,980 INFO: 
        No references to download.
                    
2020-12-11 16:19:42,980 INFO: 
        No references to download.
                    
2020-12-11 16:19:42,980 INFO: 
        No references to download.
                    
2020-12-11 16:19:42,980 INFO: 
        No references to download.
                    
2020-12-11 16:19:42,980 INFO: 
        No references to download.
                    
2020-12-11 16:19:42,980 INFO: 
        No references to download.
                    
2020-12-11 16:19:42,980 INFO: 
        No references to download.
                    
2020-12-11 16:19:42,980 INFO: 
        No references to download.
                    
2020-12-11 16:19:42,980 INFO: 
        No references to download.
                    
2020-12-11 16:19:42,980 INFO: 
        No references to download.
                    
2020-12-11 16:19:42,981 INFO: 
        No references to download.
                    
