2019-10-01 14:17:06,394 INFO: 
        ===========================================
        REFCHEF 🐶
        -------------------------------------------
        - References will be downloaded to: /gpfs/data/shared/databases/refchef_refs
        - Remote repository for master.yaml compbiocore/cbc-references-refchef
        - Local repository for master.yaml /gpfs/data/shared/databases/cbc-references-refchef
        - Logs files: /gpfs/data/shared/databases/cbc-references-refchef/logs/
        -------------------------------------------
        
2019-10-01 14:17:06,394 DEBUG: parse kwarg method: 2 ...
2019-10-01 14:17:08,459 INFO: 
        No references to download.
                    
2019-10-01 14:17:08,459 INFO: 
        No references to download.
                    
2019-10-01 14:17:08,459 INFO: 
        No references to download.
                    
2019-10-01 14:17:08,459 INFO: 
        No references to download.
                    
2019-10-01 14:17:08,459 INFO: 
        No references to download.
                    
2019-10-01 14:17:08,460 INFO: 
        No references to download.
                    
2019-10-01 14:17:08,460 INFO: 
        No references to download.
                    
2019-10-01 14:17:08,460 INFO: 
        No references to download.
                    
2019-10-01 14:17:08,460 INFO: 
        No references to download.
                    
2019-10-01 14:17:08,460 INFO: 
        No references to download.
                    
2019-10-01 14:17:08,460 INFO: 
        No references to download.
                    
2019-10-01 14:17:08,460 INFO: 
        No references to download.
                    
