2019-09-18 12:00:13,241 INFO: 
        ===========================================
        REFCHEF 🐶
        -------------------------------------------
        - References will be downloaded to: /gpfs/data/shared/databases/refchef_refs
        - Remote repository for master.yaml compbiocore/cbc-references-refchef
        - Local repository for master.yaml /gpfs/data/shared/databases/cbc-references-refchef
        - Logs files: /gpfs/data/shared/databases/cbc-references-refchef/logs/
        -------------------------------------------
        
2019-09-18 12:00:13,241 DEBUG: parse kwarg method: 2 ...
2019-09-18 12:00:13,473 INFO: 
        No references to download.
                    
2019-09-18 12:00:13,474 INFO: 
        No references to download.
                    
2019-09-18 12:00:13,474 INFO: 
        No references to download.
                    
2019-09-18 12:00:13,474 INFO: 
        No references to download.
                    
2019-09-18 12:00:13,474 INFO: 
        No references to download.
                    
2019-09-18 12:00:13,474 INFO: 
        No references to download.
                    
2019-09-18 12:00:13,474 INFO: 
        No references to download.
                    
2019-09-18 12:00:13,474 INFO: 
        No references to download.
                    
2019-09-18 12:00:13,474 INFO: 
        No references to download.
                    
2019-09-18 12:00:13,474 INFO: 
        -------------------------------------------
        The folowing references will be downloaded:
            - grcm38_p5
        ===========================================
            
2019-09-18 12:00:13,474 INFO: 
        -------------------------------------------
        The folowing references will be downloaded:
            - grcm38_p5
        ===========================================
            
2019-09-18 12:00:13,544 INFO:  🐶 RefChef... getting reference: grcm38_p5, component: primary
2019-09-18 12:00:13,546 WARNING: No final_checksums.md found. UUID will not correspond to checksum.
2019-09-18 12:00:13,562 INFO:  🐶 RefChef... getting reference: grcm38_p5, component: cdna-transcriptome
2019-09-18 12:00:13,564 WARNING: No final_checksums.md found. UUID will not correspond to checksum.
2019-09-18 12:00:13,564 INFO: References processed: ['spur31', 'cdubliniensis_cd36', 'broad_bundle_hg19', 'drosophila-melanogaster-bdgp6rel9', 'wbps8_ws256', 'grch37_release87', 'grcm38_p5']
2019-09-18 12:00:13,564 INFO: Location of references: /gpfs/data/shared/databases/refchef_refs
2019-09-18 12:00:13,787 INFO: 
          type                               name            component                  organization                                  uuid
0   references                  broad_bundle_hg19              primary               broad institute  b2588931-2b94-3d8b-9eab-c8fa153af515
1   references                 cdubliniensis_cd36              primary  http://www.candidagenome.org  3889615c-c609-377c-a49a-2376d7bb4ee1
2   references  drosophila-melanogaster-bdgp6rel9              primary                       ensembl  f00c482a-8550-31b9-89fb-803d4f9edbb5
3   references                   grch37_release87              primary                       ensembl  ce1b1916-da1c-11e9-bf4d-40f2e9026674
4   references                          grcm38_p5              primary                       ensembl  f7c2173c-da2c-11e9-9ae5-40f2e9026674
5   references                          grcm38_p5   cdna-transcriptome                       ensembl  f7c26c64-da2c-11e9-9ae5-40f2e9026674
6   references                          grcm38_p5              primary                       ensembl  6643e83e-da2d-11e9-b9dd-40f2e9026674
7   references                          grcm38_p5   cdna-transcriptome                       ensembl  66443a00-da2d-11e9-b9dd-40f2e9026674
8   references                             spur31              primary               ensembl metazoa  cc303697-34ce-3cd1-b883-5d709a4f3e09
9   references                        wbps8_ws256              primary             wormbase_parasite  27010656-d97a-11e9-9007-40f2e9026890
10  references                        wbps8_ws256  cdna-trandscriptome             wormbase_parasite  2701712c-d97a-11e9-9007-40f2e9026890
