2019-12-11 11:01:43,494 INFO: 
        ===========================================
        REFCHEF ðŸ¶
        -------------------------------------------
        - References will be downloaded to: /gpfs/data/shared/databases/refchef_refs
        - Remote repository for master.yaml compbiocore/cbc-references-refchef
        - Local repository for master.yaml /gpfs/data/shared/databases/cbc-references-refchef
        - Logs files: /gpfs/data/shared/databases/cbc-references-refchef/logs/
        -------------------------------------------
        
2019-12-11 11:01:43,494 DEBUG: parse kwarg method: 2 ...
2019-12-11 11:01:48,673 INFO: 
        No references to download.
                    
2019-12-11 11:01:48,673 INFO: 
        No references to download.
                    
2019-12-11 11:01:48,673 INFO: 
        No references to download.
                    
2019-12-11 11:01:48,674 INFO: 
        No references to download.
                    
2019-12-11 11:01:48,674 INFO: 
        No references to download.
                    
2019-12-11 11:01:48,674 INFO: 
        No references to download.
                    
2019-12-11 11:01:48,674 INFO: 
        No references to download.
                    
2019-12-11 11:01:48,674 INFO: 
        No references to download.
                    
2019-12-11 11:01:48,674 INFO: 
        No references to download.
                    
2019-12-11 11:01:48,674 INFO: 
        No references to download.
                    
2019-12-11 11:01:48,674 INFO: 
        No references to download.
                    
2019-12-11 11:01:48,674 INFO: 
        No references to download.
                    
2019-12-11 11:01:48,674 INFO: 
        No references to download.
                    
2019-12-11 11:01:48,675 INFO: 
        No references to download.
                    
2019-12-11 11:01:48,675 INFO: 
        No references to download.
                    
2019-12-11 11:01:48,675 INFO: 
        No references to download.
                    
2019-12-11 11:01:48,675 INFO: 
        No references to download.
                    
2019-12-11 11:01:48,675 INFO: 
        No references to download.
                    
2019-12-11 11:01:48,675 INFO: 
        No references to download.
                    
2019-12-11 11:01:48,675 INFO: 
        No references to download.
                    
2019-12-11 11:01:48,675 INFO: 
        No references to download.
                    
2019-12-11 11:01:48,675 INFO: 
        No references to download.
                    
2019-12-11 11:01:48,675 INFO: 
        No references to download.
                    
2019-12-11 11:01:48,675 INFO: 
        -------------------------------------------
        The folowing references will be downloaded:
            - uniprot
        ===========================================
            
2019-12-11 11:01:49,622 INFO:  ðŸ¶ RefChef... getting reference: uniprot, component: primary
2019-12-11 11:01:49,623 INFO: Running command "wget ftp://ftp.uniprot.org/pub/databases/uniprot/current_release/knowledgebase/complete/uniprot_sprot.dat.gz"
2019-12-11 11:02:15,913 INFO: Running command "wget ftp://ftp.uniprot.org/pub/databases/uniprot/current_release/knowledgebase/complete/uniprot_sprot.fasta.gz"
2019-12-11 11:02:20,242 INFO: Running command "wget ftp://ftp.uniprot.org/pub/databases/uniprot/current_release/knowledgebase/complete/uniprot_sprot.xml.gz"
2019-12-11 11:02:52,449 INFO: Running command "wget ftp://ftp.uniprot.org/pub/databases/uniprot/current_release/knowledgebase/complete/uniprot_trembl.dat.gz"
2019-12-11 12:19:51,513 INFO: Running command "wget ftp://ftp.uniprot.org/pub/databases/uniprot/current_release/knowledgebase/complete/uniprot_trembl.fasta.gz"
2019-12-11 15:21:02,443 INFO: Running command "wget ftp://ftp.uniprot.org/pub/databases/uniprot/current_release/knowledgebase/complete/uniprot_trembl.xml.gz"
2019-12-11 17:11:58,264 INFO: Running command "wget ftp://ftp.uniprot.org/pub/databases/uniprot/current_release/knowledgebase/complete/uniprot.xsd"
2019-12-11 17:11:58,525 INFO: Running command "wget ftp://ftp.uniprot.org/pub/databases/uniprot/current_release/knowledgebase/complete/reldate.txt"
2019-12-11 17:11:58,736 INFO: Running command "md5sum *.* post-download.md5"
2019-12-11 17:23:02,817 INFO: Running command "ls *.gz |xargs -n1 gunzip"
2019-12-11 20:17:38,565 INFO: Running command "md5sum *.* > final_checksums.md5"
2019-12-11 21:21:21,774 INFO: References processed: ['spur31', 'cdubliniensis_cd36', 'broad_bundle_hg19', 'drosophila-melanogaster-bdgp6rel9', 'wbps8_ws256', 'grch37_release87', 'grcm38_p5', 'nt_db', 'nr_db', 'Escherichia_coli_K12', 'grch38_release98', 'saccer3', 'spur42', 'spur50', 'grcm38_p6', 'refseq_genomic', 'refseq_rna', 'refseq_protein', 'pr2_db', 'OM-RGC', 'silva_arbfiles', 'uniprot']
2019-12-11 21:21:21,774 INFO: Location of references: /gpfs/data/shared/databases/refchef_refs
2019-12-11 21:21:23,608 INFO: 
           type                               name            component                     organization                                  uuid
0    references               Escherichia_coli_K12              primary                 ensembl bacteria  c87ee674-4ddc-3efe-a74e-dfe25da5d7b3
1       indices               Escherichia_coli_K12            bwa_index                 ensembl bacteria  c87ee674-4ddc-3efe-a74e-dfe25da5d7b3
2       indices               Escherichia_coli_K12        bowtie2_index                 ensembl bacteria  c87ee674-4ddc-3efe-a74e-dfe25da5d7b3
3    references                             OM-RGC              primary  http://ocean-microbiome.embl.de  32bac0eb-e182-3657-97e9-a24858f052f4
4    references                  broad_bundle_hg19              primary                  broad institute  b2588931-2b94-3d8b-9eab-c8fa153af515
5    references                 cdubliniensis_cd36              primary     http://www.candidagenome.org  3889615c-c609-377c-a49a-2376d7bb4ee1
6    references  drosophila-melanogaster-bdgp6rel9              primary                          ensembl  f00c482a-8550-31b9-89fb-803d4f9edbb5
7   annotations  drosophila-melanogaster-bdgp6rel9                  gtf                          ensembl  e3e260a5-87ff-36a1-8526-c73a9b03ec44
8       indices  drosophila-melanogaster-bdgp6rel9            bwa_index                          ensembl  6206259e-fe61-35a2-9773-6a491c17aa11
9       indices  drosophila-melanogaster-bdgp6rel9        bowtie2_index                          ensembl  6206259e-fe61-35a2-9773-6a491c17aa11
10   references                   grch37_release87              primary                          ensembl  ce1b1916-da1c-11e9-bf4d-40f2e9026674
11  annotations                   grch37_release87                  gtf                          ensembl  7c0adc0d-a657-3919-8b77-9bb294b7823c
12      indices                   grch37_release87        bowtie2_index                          ensembl  24b510d3-0a73-3211-98da-274317c2a032
13      indices                   grch37_release87            bwa_index                          ensembl  2161bca8-8c03-3b52-958a-a232158e2c71
14   references                   grch38_release98              primary                          ensembl  fd2286d4-e257-3225-94a7-cd773d331290
15      indices                   grch38_release98        bowtie2_index                          ensembl  ae68c4f8-8bec-30c6-8349-28be4036da24
16      indices                   grch38_release98            bwa_index                          ensembl  482c6e70-389e-3559-8c19-d86cac067060
17   references                          grcm38_p5              primary                          ensembl  beed20fa-f897-35bf-808d-0c1ee6173274
18   references                          grcm38_p5   cdna-transcriptome                          ensembl  54a37969-f245-3a78-aec3-d2c6034bbd27
19  annotations                          grcm38_p5                  gtf                          ensembl  907f4f2a-000d-11ea-9a67-40f2e9026674
20      indices                          grcm38_p5         salmon_index                          ensembl  482c6e70-389e-3559-8c19-d86cac067060
21      indices                          grcm38_p5         salmon_index                          ensembl  482c6e70-389e-3559-8c19-d86cac067060
22      indices                          grcm38_p5         salmon_index                          ensembl  482c6e70-389e-3559-8c19-d86cac067060
23   references                          grcm38_p6              primary                          ensembl  beed20fa-f897-35bf-808d-0c1ee6173274
24   references                              nr_db             blast_db                             ncbi  533942ec-8f84-35bc-b359-184a4f8660d6
25   references                              nt_db             blast_db                             ncbi  255012ce-ea01-3596-b1b6-6e657c7a7dde
26   references                             pr2_db                   db                              pr2  86588e9f-0590-3543-90e0-687869395879
27   references                     refseq_genomic             blast_db                           refseq  2215b7de-abf0-3b75-a246-517a5971b1e4
28   references                     refseq_protein             blast_db                           refseq  675542c3-a386-3f32-9bcf-fe814c40f3b7
29   references                         refseq_rna             blast_db                           refseq  6b7fc33c-7fd4-301e-ada4-d036e1d0bfdd
30   references                            saccer3              primary                          ensembl  2433f3a6-0a29-34bc-8868-2fb9609d4025
31  annotations                            saccer3                  gtf                          ensembl  a8d15bf6-7a67-36b7-911d-4daf174f79af
32      indices                            saccer3            bwa_index                          ensembl  91b325e3-aaa0-3d8f-af1e-79716e343bfe
33      indices                            saccer3        bowtie2_index                          ensembl  e7428ca2-68e8-3356-90a8-e5016deea499
34   references                     silva_arbfiles            arb_files                     arb-silva.de  646321f7-4ab2-3421-9dfb-fe74c455fcc1
35   references                             spur31              primary                  ensembl metazoa  cc303697-34ce-3cd1-b883-5d709a4f3e09
36  annotations                             spur31                  gtf                  ensembl metazoa  6983397c-e268-31e2-bd0d-db7d47c589f9
37   references                             spur42              primary                           refseq  8f31c081-25d0-3af9-90aa-bc012c0791a8
38   references                             spur50              primary                           refseq  f3ba430e-6857-3919-8b81-17ff20e05557
39   references                            uniprot              primary                      uniprot.org  36c1a962-d1e6-3852-a177-047435e79855
40   references                        wbps8_ws256              primary                wormbase_parasite  27010656-d97a-11e9-9007-40f2e9026890
41   references                        wbps8_ws256  cdna-trandscriptome                wormbase_parasite  2701712c-d97a-11e9-9007-40f2e9026890
